<?xml version="1.0" encoding="UTF-8"?>
<testsuite xmlns:xsi="http://www.w3.org/2001/XMLSchema-instance" xsi:noNamespaceSchemaLocation="https://maven.apache.org/surefire/maven-surefire-plugin/xsd/surefire-test-report-3.0.xsd" version="3.0" name="com.tw.CrudIntegrationTest" time="10.84" tests="15" errors="0" skipped="0" failures="0">
  <properties>
[...]
</properties>
  <testcase name="testUsuario_Create" classname="com.tw.CrudIntegrationTest" time="0.99">
    <system-out><![CDATA[12:56:40.705 [main] INFO org.springframework.test.context.support.AnnotationConfigContextLoaderUtils -- Could not detect default configuration classes for test class [com.tw.CrudIntegrationTest]: CrudIntegrationTest does not declare any static, non-private, non-final, nested classes annotated with @Configuration.
12:56:40.830 [main] INFO org.springframework.boot.test.context.SpringBootTestContextBootstrapper -- Found @SpringBootConfiguration com.tw.TwApplication for test class com.tw.CrudIntegrationTest

  .   ____          _            __ _ _
 /\\ / ___'_ __ _ _(_)_ __  __ _ \ \ \ \
( ( )\___ | '_ | '_| | '_ \/ _` | \ \ \ \
 \\/  ___)| |_)| | | | | || (_| |  ) ) ) )
  '  |____| .__|_| |_|_| |_\__, | / / / /
 =========|_|==============|___/=/_/_/_/
 :: Spring Boot ::                (v3.2.4)

2026-05-01T12:56:41.328+02:00  INFO 11616 --- [           main] com.tw.CrudIntegrationTest               : Starting CrudIntegrationTest using Java 17.0.17 with PID 11616 (started by negro in C:\Users\negro\OneDrive - Universidad de Extremadura\Escritorio\Tecnologias Web\tw\tw)
2026-05-01T12:56:41.329+02:00  INFO 11616 --- [           main] com.tw.CrudIntegrationTest               : The following 1 profile is active: "test"
2026-05-01T12:56:42.440+02:00  INFO 11616 --- [           main] .s.d.r.c.RepositoryConfigurationDelegate : Bootstrapping Spring Data JPA repositories in DEFAULT mode.
2026-05-01T12:56:42.519+02:00  INFO 11616 --- [           main] .s.d.r.c.RepositoryConfigurationDelegate : Finished Spring Data repository scanning in 71 ms. Found 8 JPA repository interfaces.
2026-05-01T12:56:43.797+02:00  INFO 11616 --- [           main] o.s.o.j.p.SpringPersistenceUnitInfo      : No LoadTimeWeaver setup: ignoring JPA class transformer
2026-05-01T12:56:43.832+02:00  INFO 11616 --- [           main] com.zaxxer.hikari.HikariDataSource       : HikariPool-1 - Starting...
2026-05-01T12:56:43.984+02:00  INFO 11616 --- [           main] com.zaxxer.hikari.pool.HikariPool        : HikariPool-1 - Added connection org.sqlite.jdbc4.JDBC4Connection@45e7bb79
2026-05-01T12:56:43.987+02:00  INFO 11616 --- [           main] com.zaxxer.hikari.HikariDataSource       : HikariPool-1 - Start completed.
2026-05-01T12:56:45.240+02:00 DEBUG 11616 --- [           main] org.hibernate.SQL                        : 
    alter table valoraciones 
       drop constraint UKhtxye4e8kyhjfbgh3hdris14a
Hibernate: 
    alter table valoraciones 
       drop constraint UKhtxye4e8kyhjfbgh3hdris14a
2026-05-01T12:56:45.243+02:00  INFO 11616 --- [           main] j.LocalContainerEntityManagerFactoryBean : Initialized JPA EntityManagerFactory for persistence unit 'default'
2026-05-01T12:56:46.340+02:00  INFO 11616 --- [           main] o.s.d.j.r.query.QueryEnhancerFactory     : Hibernate is in classpath; If applicable, HQL parser will be used.
2026-05-01T12:56:47.491+02:00  WARN 11616 --- [           main] JpaBaseConfiguration$JpaWebConfiguration : spring.jpa.open-in-view is enabled by default. Therefore, database queries may be performed during view rendering. Explicitly configure spring.jpa.open-in-view to disable this warning
2026-05-01T12:56:47.707+02:00  INFO 11616 --- [           main] o.s.b.a.w.s.WelcomePageHandlerMapping    : Adding welcome page template: index
2026-05-01T12:56:48.179+02:00  INFO 11616 --- [           main] o.s.s.web.DefaultSecurityFilterChain     : Will secure Or [Mvc [pattern='/api/**']] with [org.springframework.security.web.session.DisableEncodeUrlFilter@46199519, org.springframework.security.web.context.request.async.WebAsyncManagerIntegrationFilter@2c1ffb9, org.springframework.security.web.context.SecurityContextHolderFilter@11f6a083, org.springframework.security.web.header.HeaderWriterFilter@4c29138a, org.springframework.web.filter.CorsFilter@1bd97254, org.springframework.security.web.authentication.logout.LogoutFilter@20a3118, org.springframework.security.web.authentication.www.BasicAuthenticationFilter@428169d, org.springframework.security.web.savedrequest.RequestCacheAwareFilter@30b91493, org.springframework.security.web.servletapi.SecurityContextHolderAwareRequestFilter@2771e501, org.springframework.security.web.authentication.AnonymousAuthenticationFilter@388a6656, org.springframework.security.web.session.SessionManagementFilter@39b265c9, org.springframework.security.web.access.ExceptionTranslationFilter@6e0fd2dc, org.springframework.security.web.access.intercept.AuthorizationFilter@8fe054]
2026-05-01T12:56:48.213+02:00  INFO 11616 --- [           main] o.s.s.web.DefaultSecurityFilterChain     : Will secure any request with [org.springframework.security.web.session.DisableEncodeUrlFilter@4001a5a1, org.springframework.security.web.context.request.async.WebAsyncManagerIntegrationFilter@34f37ed4, org.springframework.security.web.context.SecurityContextHolderFilter@608c03e3, org.springframework.security.web.header.HeaderWriterFilter@48bafe39, org.springframework.web.filter.CorsFilter@4fae8455, org.springframework.security.web.csrf.CsrfFilter@5765cd21, org.springframework.security.web.authentication.logout.LogoutFilter@7db57566, org.springframework.security.web.authentication.UsernamePasswordAuthenticationFilter@16c9ec5b, org.springframework.security.web.savedrequest.RequestCacheAwareFilter@1979d616, org.springframework.security.web.servletapi.SecurityContextHolderAwareRequestFilter@6272936b, org.springframework.security.web.authentication.AnonymousAuthenticationFilter@16dc12cf, org.springframework.security.web.access.ExceptionTranslationFilter@63c31664, org.springframework.security.web.access.intercept.AuthorizationFilter@5cb4e255]
2026-05-01T12:56:48.684+02:00  INFO 11616 --- [           main] com.tw.CrudIntegrationTest               : Started CrudIntegrationTest in 7.692 seconds (process running for 8.713)
2026-05-01T12:56:49.295+02:00 DEBUG 11616 --- [           main] org.hibernate.SQL                        : 
    select
        v1_0.id,
        v1_0.comentario,
        v1_0.fecha,
        v1_0.puntuacion,
        v1_0.restaurante_id,
        v1_0.usuario_id 
    from
        valoraciones v1_0
Hibernate: 
    select
        v1_0.id,
        v1_0.comentario,
        v1_0.fecha,
        v1_0.puntuacion,
        v1_0.restaurante_id,
        v1_0.usuario_id 
    from
        valoraciones v1_0
2026-05-01T12:56:49.346+02:00 DEBUG 11616 --- [           main] org.hibernate.SQL                        : 
    delete 
    from
        valoraciones 
    where
        id=?
Hibernate: 
    delete 
    from
        valoraciones 
    where
        id=?
2026-05-01T12:56:49.347+02:00 TRACE 11616 --- [           main] org.hibernate.orm.jdbc.bind              : binding parameter (1:BIGINT) <- [1]
2026-05-01T12:56:49.351+02:00 DEBUG 11616 --- [           main] org.hibernate.SQL                        : 
    delete 
    from
        valoraciones 
    where
        id=?
Hibernate: 
    delete 
    from
        valoraciones 
    where
        id=?
2026-05-01T12:56:49.351+02:00 TRACE 11616 --- [           main] org.hibernate.orm.jdbc.bind              : binding parameter (1:BIGINT) <- [2]
2026-05-01T12:56:49.352+02:00 DEBUG 11616 --- [           main] org.hibernate.SQL                        : 
    delete 
    from
        valoraciones 
    where
        id=?
Hibernate: 
    delete 
    from
        valoraciones 
    where
        id=?
2026-05-01T12:56:49.352+02:00 TRACE 11616 --- [           main] org.hibernate.orm.jdbc.bind              : binding parameter (1:BIGINT) <- [3]
2026-05-01T12:56:49.352+02:00 DEBUG 11616 --- [           main] org.hibernate.SQL                        : 
    delete 
    from
        valoraciones 
    where
        id=?
Hibernate: 
    delete 
    from
        valoraciones 
    where
        id=?
2026-05-01T12:56:49.352+02:00 TRACE 11616 --- [           main] org.hibernate.orm.jdbc.bind              : binding parameter (1:BIGINT) <- [4]
2026-05-01T12:56:49.353+02:00 DEBUG 11616 --- [           main] org.hibernate.SQL                        : 
    delete 
    from
        valoraciones 
    where
        id=?
Hibernate: 
    delete 
    from
        valoraciones 
    where
        id=?
2026-05-01T12:56:49.353+02:00 TRACE 11616 --- [           main] org.hibernate.orm.jdbc.bind              : binding parameter (1:BIGINT) <- [5]
2026-05-01T12:56:49.353+02:00 DEBUG 11616 --- [           main] org.hibernate.SQL                        : 
    delete 
    from
        valoraciones 
    where
        id=?
Hibernate: 
    delete 
    from
        valoraciones 
    where
        id=?
2026-05-01T12:56:49.353+02:00 TRACE 11616 --- [           main] org.hibernate.orm.jdbc.bind              : binding parameter (1:BIGINT) <- [6]
2026-05-01T12:56:49.366+02:00 DEBUG 11616 --- [           main] org.hibernate.SQL                        : 
    select
        p1_0.id,
        p1_0.estado,
        p1_0.fecha,
        p1_0.restaurante_id,
        p1_0.total,
        p1_0.usuario_id 
    from
        pedidos p1_0
Hibernate: 
    select
        p1_0.id,
        p1_0.estado,
        p1_0.fecha,
        p1_0.restaurante_id,
        p1_0.total,
        p1_0.usuario_id 
    from
        pedidos p1_0
2026-05-01T12:56:49.382+02:00 DEBUG 11616 --- [           main] org.hibernate.SQL                        : 
    select
        l1_0.pedido_id,
        l1_0.id,
        l1_0.cantidad,
        l1_0.nombre_plato,
        l1_0.plato_id,
        l1_0.precio 
    from
        lineas_pedido l1_0 
    where
        l1_0.pedido_id=?
Hibernate: 
    select
        l1_0.pedido_id,
        l1_0.id,
        l1_0.cantidad,
        l1_0.nombre_plato,
        l1_0.plato_id,
        l1_0.precio 
    from
        lineas_pedido l1_0 
    where
        l1_0.pedido_id=?
2026-05-01T12:56:49.382+02:00 TRACE 11616 --- [           main] org.hibernate.orm.jdbc.bind              : binding parameter (1:BIGINT) <- [1]
2026-05-01T12:56:49.388+02:00 DEBUG 11616 --- [           main] org.hibernate.SQL                        : 
    select
        l1_0.pedido_id,
        l1_0.id,
        l1_0.cantidad,
        l1_0.nombre_plato,
        l1_0.plato_id,
        l1_0.precio 
    from
        lineas_pedido l1_0 
    where
        l1_0.pedido_id=?
Hibernate: 
    select
        l1_0.pedido_id,
        l1_0.id,
        l1_0.cantidad,
        l1_0.nombre_plato,
        l1_0.plato_id,
        l1_0.precio 
    from
        lineas_pedido l1_0 
    where
        l1_0.pedido_id=?
2026-05-01T12:56:49.388+02:00 TRACE 11616 --- [           main] org.hibernate.orm.jdbc.bind              : binding parameter (1:BIGINT) <- [2]
2026-05-01T12:56:49.389+02:00 DEBUG 11616 --- [           main] org.hibernate.SQL                        : 
    select
        l1_0.pedido_id,
        l1_0.id,
        l1_0.cantidad,
        l1_0.nombre_plato,
        l1_0.plato_id,
        l1_0.precio 
    from
        lineas_pedido l1_0 
    where
        l1_0.pedido_id=?
Hibernate: 
    select
        l1_0.pedido_id,
        l1_0.id,
        l1_0.cantidad,
        l1_0.nombre_plato,
        l1_0.plato_id,
        l1_0.precio 
    from
        lineas_pedido l1_0 
    where
        l1_0.pedido_id=?
2026-05-01T12:56:49.389+02:00 TRACE 11616 --- [           main] org.hibernate.orm.jdbc.bind              : binding parameter (1:BIGINT) <- [3]
2026-05-01T12:56:49.391+02:00 DEBUG 11616 --- [           main] org.hibernate.SQL                        : 
    select
        l1_0.pedido_id,
        l1_0.id,
        l1_0.cantidad,
        l1_0.nombre_plato,
        l1_0.plato_id,
        l1_0.precio 
    from
        lineas_pedido l1_0 
    where
        l1_0.pedido_id=?
Hibernate: 
    select
        l1_0.pedido_id,
        l1_0.id,
        l1_0.cantidad,
        l1_0.nombre_plato,
        l1_0.plato_id,
        l1_0.precio 
    from
        lineas_pedido l1_0 
    where
        l1_0.pedido_id=?
2026-05-01T12:56:49.391+02:00 TRACE 11616 --- [           main] org.hibernate.orm.jdbc.bind              : binding parameter (1:BIGINT) <- [4]
2026-05-01T12:56:49.392+02:00 DEBUG 11616 --- [           main] org.hibernate.SQL                        : 
    select
        l1_0.pedido_id,
        l1_0.id,
        l1_0.cantidad,
        l1_0.nombre_plato,
        l1_0.plato_id,
        l1_0.precio 
    from
        lineas_pedido l1_0 
    where
        l1_0.pedido_id=?
Hibernate: 
    select
        l1_0.pedido_id,
        l1_0.id,
        l1_0.cantidad,
        l1_0.nombre_plato,
        l1_0.plato_id,
        l1_0.precio 
    from
        lineas_pedido l1_0 
    where
        l1_0.pedido_id=?
2026-05-01T12:56:49.392+02:00 TRACE 11616 --- [           main] org.hibernate.orm.jdbc.bind              : binding parameter (1:BIGINT) <- [5]
2026-05-01T12:56:49.400+02:00 DEBUG 11616 --- [           main] org.hibernate.SQL                        : 
    delete 
    from
        lineas_pedido 
    where
        id=?
Hibernate: 
    delete 
    from
        lineas_pedido 
    where
        id=?
2026-05-01T12:56:49.400+02:00 TRACE 11616 --- [           main] org.hibernate.orm.jdbc.bind              : binding parameter (1:BIGINT) <- [1]
2026-05-01T12:56:49.401+02:00 DEBUG 11616 --- [           main] org.hibernate.SQL                        : 
    delete 
    from
        lineas_pedido 
    where
        id=?
Hibernate: 
    delete 
    from
        lineas_pedido 
    where
        id=?
2026-05-01T12:56:49.403+02:00 TRACE 11616 --- [           main] org.hibernate.orm.jdbc.bind              : binding parameter (1:BIGINT) <- [2]
2026-05-01T12:56:49.403+02:00 DEBUG 11616 --- [           main] org.hibernate.SQL                        : 
    delete 
    from
        lineas_pedido 
    where
        id=?
Hibernate: 
    delete 
    from
        lineas_pedido 
    where
        id=?
2026-05-01T12:56:49.403+02:00 TRACE 11616 --- [           main] org.hibernate.orm.jdbc.bind              : binding parameter (1:BIGINT) <- [3]
2026-05-01T12:56:49.403+02:00 DEBUG 11616 --- [           main] org.hibernate.SQL                        : 
    delete 
    from
        lineas_pedido 
    where
        id=?
Hibernate: 
    delete 
    from
        lineas_pedido 
    where
        id=?
2026-05-01T12:56:49.403+02:00 TRACE 11616 --- [           main] org.hibernate.orm.jdbc.bind              : binding parameter (1:BIGINT) <- [4]
2026-05-01T12:56:49.404+02:00 DEBUG 11616 --- [           main] org.hibernate.SQL                        : 
    delete 
    from
        pedidos 
    where
        id=?
Hibernate: 
    delete 
    from
        pedidos 
    where
        id=?
2026-05-01T12:56:49.404+02:00 TRACE 11616 --- [           main] org.hibernate.orm.jdbc.bind              : binding parameter (1:BIGINT) <- [1]
2026-05-01T12:56:49.404+02:00 DEBUG 11616 --- [           main] org.hibernate.SQL                        : 
    delete 
    from
        lineas_pedido 
    where
        id=?
Hibernate: 
    delete 
    from
        lineas_pedido 
    where
        id=?
2026-05-01T12:56:49.404+02:00 TRACE 11616 --- [           main] org.hibernate.orm.jdbc.bind              : binding parameter (1:BIGINT) <- [5]
2026-05-01T12:56:49.404+02:00 DEBUG 11616 --- [           main] org.hibernate.SQL                        : 
    delete 
    from
        lineas_pedido 
    where
        id=?
Hibernate: 
    delete 
    from
        lineas_pedido 
    where
        id=?
2026-05-01T12:56:49.404+02:00 TRACE 11616 --- [           main] org.hibernate.orm.jdbc.bind              : binding parameter (1:BIGINT) <- [6]
2026-05-01T12:56:49.404+02:00 DEBUG 11616 --- [           main] org.hibernate.SQL                        : 
    delete 
    from
        lineas_pedido 
    where
        id=?
Hibernate: 
    delete 
    from
        lineas_pedido 
    where
        id=?
2026-05-01T12:56:49.404+02:00 TRACE 11616 --- [           main] org.hibernate.orm.jdbc.bind              : binding parameter (1:BIGINT) <- [7]
2026-05-01T12:56:49.404+02:00 DEBUG 11616 --- [           main] org.hibernate.SQL                        : 
    delete 
    from
        pedidos 
    where
        id=?
Hibernate: 
    delete 
    from
        pedidos 
    where
        id=?
2026-05-01T12:56:49.404+02:00 TRACE 11616 --- [           main] org.hibernate.orm.jdbc.bind              : binding parameter (1:BIGINT) <- [2]
2026-05-01T12:56:49.404+02:00 DEBUG 11616 --- [           main] org.hibernate.SQL                        : 
    delete 
    from
        lineas_pedido 
    where
        id=?
Hibernate: 
    delete 
    from
        lineas_pedido 
    where
        id=?
2026-05-01T12:56:49.404+02:00 TRACE 11616 --- [           main] org.hibernate.orm.jdbc.bind              : binding parameter (1:BIGINT) <- [8]
2026-05-01T12:56:49.404+02:00 DEBUG 11616 --- [           main] org.hibernate.SQL                        : 
    delete 
    from
        lineas_pedido 
    where
        id=?
Hibernate: 
    delete 
    from
        lineas_pedido 
    where
        id=?
2026-05-01T12:56:49.404+02:00 TRACE 11616 --- [           main] org.hibernate.orm.jdbc.bind              : binding parameter (1:BIGINT) <- [9]
2026-05-01T12:56:49.404+02:00 DEBUG 11616 --- [           main] org.hibernate.SQL                        : 
    delete 
    from
        lineas_pedido 
    where
        id=?
Hibernate: 
    delete 
    from
        lineas_pedido 
    where
        id=?
2026-05-01T12:56:49.404+02:00 TRACE 11616 --- [           main] org.hibernate.orm.jdbc.bind              : binding parameter (1:BIGINT) <- [10]
2026-05-01T12:56:49.406+02:00 DEBUG 11616 --- [           main] org.hibernate.SQL                        : 
    delete 
    from
        pedidos 
    where
        id=?
Hibernate: 
    delete 
    from
        pedidos 
    where
        id=?
2026-05-01T12:56:49.406+02:00 TRACE 11616 --- [           main] org.hibernate.orm.jdbc.bind              : binding parameter (1:BIGINT) <- [3]
2026-05-01T12:56:49.406+02:00 DEBUG 11616 --- [           main] org.hibernate.SQL                        : 
    delete 
    from
        lineas_pedido 
    where
        id=?
Hibernate: 
    delete 
    from
        lineas_pedido 
    where
        id=?
2026-05-01T12:56:49.406+02:00 TRACE 11616 --- [           main] org.hibernate.orm.jdbc.bind              : binding parameter (1:BIGINT) <- [11]
2026-05-01T12:56:49.406+02:00 DEBUG 11616 --- [           main] org.hibernate.SQL                        : 
    delete 
    from
        lineas_pedido 
    where
        id=?
Hibernate: 
    delete 
    from
        lineas_pedido 
    where
        id=?
2026-05-01T12:56:49.406+02:00 TRACE 11616 --- [           main] org.hibernate.orm.jdbc.bind              : binding parameter (1:BIGINT) <- [12]
2026-05-01T12:56:49.406+02:00 DEBUG 11616 --- [           main] org.hibernate.SQL                        : 
    delete 
    from
        lineas_pedido 
    where
        id=?
Hibernate: 
    delete 
    from
        lineas_pedido 
    where
        id=?
2026-05-01T12:56:49.406+02:00 TRACE 11616 --- [           main] org.hibernate.orm.jdbc.bind              : binding parameter (1:BIGINT) <- [13]
2026-05-01T12:56:49.406+02:00 DEBUG 11616 --- [           main] org.hibernate.SQL                        : 
    delete 
    from
        pedidos 
    where
        id=?
Hibernate: 
    delete 
    from
        pedidos 
    where
        id=?
2026-05-01T12:56:49.406+02:00 TRACE 11616 --- [           main] org.hibernate.orm.jdbc.bind              : binding parameter (1:BIGINT) <- [4]
2026-05-01T12:56:49.406+02:00 DEBUG 11616 --- [           main] org.hibernate.SQL                        : 
    delete 
    from
        lineas_pedido 
    where
        id=?
Hibernate: 
    delete 
    from
        lineas_pedido 
    where
        id=?
2026-05-01T12:56:49.406+02:00 TRACE 11616 --- [           main] org.hibernate.orm.jdbc.bind              : binding parameter (1:BIGINT) <- [14]
2026-05-01T12:56:49.407+02:00 DEBUG 11616 --- [           main] org.hibernate.SQL                        : 
    delete 
    from
        lineas_pedido 
    where
        id=?
Hibernate: 
    delete 
    from
        lineas_pedido 
    where
        id=?
2026-05-01T12:56:49.407+02:00 TRACE 11616 --- [           main] org.hibernate.orm.jdbc.bind              : binding parameter (1:BIGINT) <- [15]
2026-05-01T12:56:49.407+02:00 DEBUG 11616 --- [           main] org.hibernate.SQL                        : 
    delete 
    from
        lineas_pedido 
    where
        id=?
Hibernate: 
    delete 
    from
        lineas_pedido 
    where
        id=?
2026-05-01T12:56:49.407+02:00 TRACE 11616 --- [           main] org.hibernate.orm.jdbc.bind              : binding parameter (1:BIGINT) <- [16]
2026-05-01T12:56:49.407+02:00 DEBUG 11616 --- [           main] org.hibernate.SQL                        : 
    delete 
    from
        lineas_pedido 
    where
        id=?
Hibernate: 
    delete 
    from
        lineas_pedido 
    where
        id=?
2026-05-01T12:56:49.407+02:00 TRACE 11616 --- [           main] org.hibernate.orm.jdbc.bind              : binding parameter (1:BIGINT) <- [17]
2026-05-01T12:56:49.407+02:00 DEBUG 11616 --- [           main] org.hibernate.SQL                        : 
    delete 
    from
        pedidos 
    where
        id=?
Hibernate: 
    delete 
    from
        pedidos 
    where
        id=?
2026-05-01T12:56:49.407+02:00 TRACE 11616 --- [           main] org.hibernate.orm.jdbc.bind              : binding parameter (1:BIGINT) <- [5]
2026-05-01T12:56:49.417+02:00 DEBUG 11616 --- [           main] org.hibernate.SQL                        : 
    select
        p1_0.id,
        p1_0.descripcion,
        p1_0.etiqueta_menu,
        p1_0.imagen,
        p1_0.nombre,
        p1_0.precio,
        p1_0.restaurante_id 
    from
        platos p1_0
Hibernate: 
    select
        p1_0.id,
        p1_0.descripcion,
        p1_0.etiqueta_menu,
        p1_0.imagen,
        p1_0.nombre,
        p1_0.precio,
        p1_0.restaurante_id 
    from
        platos p1_0
2026-05-01T12:56:49.430+02:00 DEBUG 11616 --- [           main] org.hibernate.SQL                        : 
    delete 
    from
        platos 
    where
        id=?
Hibernate: 
    delete 
    from
        platos 
    where
        id=?
2026-05-01T12:56:49.430+02:00 TRACE 11616 --- [           main] org.hibernate.orm.jdbc.bind              : binding parameter (1:BIGINT) <- [1]
2026-05-01T12:56:49.434+02:00 DEBUG 11616 --- [           main] org.hibernate.SQL                        : 
    delete 
    from
        platos 
    where
        id=?
Hibernate: 
    delete 
    from
        platos 
    where
        id=?
2026-05-01T12:56:49.434+02:00 TRACE 11616 --- [           main] org.hibernate.orm.jdbc.bind              : binding parameter (1:BIGINT) <- [2]
2026-05-01T12:56:49.434+02:00 DEBUG 11616 --- [           main] org.hibernate.SQL                        : 
    delete 
    from
        platos 
    where
        id=?
Hibernate: 
    delete 
    from
        platos 
    where
        id=?
2026-05-01T12:56:49.434+02:00 TRACE 11616 --- [           main] org.hibernate.orm.jdbc.bind              : binding parameter (1:BIGINT) <- [3]
2026-05-01T12:56:49.435+02:00 DEBUG 11616 --- [           main] org.hibernate.SQL                        : 
    delete 
    from
        platos 
    where
        id=?
Hibernate: 
    delete 
    from
        platos 
    where
        id=?
2026-05-01T12:56:49.435+02:00 TRACE 11616 --- [           main] org.hibernate.orm.jdbc.bind              : binding parameter (1:BIGINT) <- [4]
2026-05-01T12:56:49.435+02:00 DEBUG 11616 --- [           main] org.hibernate.SQL                        : 
    delete 
    from
        platos 
    where
        id=?
Hibernate: 
    delete 
    from
        platos 
    where
        id=?
2026-05-01T12:56:49.435+02:00 TRACE 11616 --- [           main] org.hibernate.orm.jdbc.bind              : binding parameter (1:BIGINT) <- [5]
2026-05-01T12:56:49.435+02:00 DEBUG 11616 --- [           main] org.hibernate.SQL                        : 
    delete 
    from
        platos 
    where
        id=?
Hibernate: 
    delete 
    from
        platos 
    where
        id=?
2026-05-01T12:56:49.435+02:00 TRACE 11616 --- [           main] org.hibernate.orm.jdbc.bind              : binding parameter (1:BIGINT) <- [6]
2026-05-01T12:56:49.436+02:00 DEBUG 11616 --- [           main] org.hibernate.SQL                        : 
    delete 
    from
        platos 
    where
        id=?
Hibernate: 
    delete 
    from
        platos 
    where
        id=?
2026-05-01T12:56:49.436+02:00 TRACE 11616 --- [           main] org.hibernate.orm.jdbc.bind              : binding parameter (1:BIGINT) <- [7]
2026-05-01T12:56:49.436+02:00 DEBUG 11616 --- [           main] org.hibernate.SQL                        : 
    delete 
    from
        platos 
    where
        id=?
Hibernate: 
    delete 
    from
        platos 
    where
        id=?
2026-05-01T12:56:49.436+02:00 TRACE 11616 --- [           main] org.hibernate.orm.jdbc.bind              : binding parameter (1:BIGINT) <- [8]
2026-05-01T12:56:49.436+02:00 DEBUG 11616 --- [           main] org.hibernate.SQL                        : 
    delete 
    from
        platos 
    where
        id=?
Hibernate: 
    delete 
    from
        platos 
    where
        id=?
2026-05-01T12:56:49.436+02:00 TRACE 11616 --- [           main] org.hibernate.orm.jdbc.bind              : binding parameter (1:BIGINT) <- [9]
2026-05-01T12:56:49.436+02:00 DEBUG 11616 --- [           main] org.hibernate.SQL                        : 
    delete 
    from
        platos 
    where
        id=?
Hibernate: 
    delete 
    from
        platos 
    where
        id=?
2026-05-01T12:56:49.436+02:00 TRACE 11616 --- [           main] org.hibernate.orm.jdbc.bind              : binding parameter (1:BIGINT) <- [10]
2026-05-01T12:56:49.437+02:00 DEBUG 11616 --- [           main] org.hibernate.SQL                        : 
    delete 
    from
        platos 
    where
        id=?
Hibernate: 
    delete 
    from
        platos 
    where
        id=?
2026-05-01T12:56:49.437+02:00 TRACE 11616 --- [           main] org.hibernate.orm.jdbc.bind              : binding parameter (1:BIGINT) <- [11]
2026-05-01T12:56:49.437+02:00 DEBUG 11616 --- [           main] org.hibernate.SQL                        : 
    delete 
    from
        platos 
    where
        id=?
Hibernate: 
    delete 
    from
        platos 
    where
        id=?
2026-05-01T12:56:49.437+02:00 TRACE 11616 --- [           main] org.hibernate.orm.jdbc.bind              : binding parameter (1:BIGINT) <- [12]
2026-05-01T12:56:49.437+02:00 DEBUG 11616 --- [           main] org.hibernate.SQL                        : 
    delete 
    from
        platos 
    where
        id=?
Hibernate: 
    delete 
    from
        platos 
    where
        id=?
2026-05-01T12:56:49.437+02:00 TRACE 11616 --- [           main] org.hibernate.orm.jdbc.bind              : binding parameter (1:BIGINT) <- [13]
2026-05-01T12:56:49.437+02:00 DEBUG 11616 --- [           main] org.hibernate.SQL                        : 
    delete 
    from
        platos 
    where
        id=?
Hibernate: 
    delete 
    from
        platos 
    where
        id=?
2026-05-01T12:56:49.437+02:00 TRACE 11616 --- [           main] org.hibernate.orm.jdbc.bind              : binding parameter (1:BIGINT) <- [14]
2026-05-01T12:56:49.439+02:00 DEBUG 11616 --- [           main] org.hibernate.SQL                        : 
    delete 
    from
        platos 
    where
        id=?
Hibernate: 
    delete 
    from
        platos 
    where
        id=?
2026-05-01T12:56:49.439+02:00 TRACE 11616 --- [           main] org.hibernate.orm.jdbc.bind              : binding parameter (1:BIGINT) <- [15]
2026-05-01T12:56:49.439+02:00 DEBUG 11616 --- [           main] org.hibernate.SQL                        : 
    delete 
    from
        platos 
    where
        id=?
Hibernate: 
    delete 
    from
        platos 
    where
        id=?
2026-05-01T12:56:49.439+02:00 TRACE 11616 --- [           main] org.hibernate.orm.jdbc.bind              : binding parameter (1:BIGINT) <- [16]
2026-05-01T12:56:49.439+02:00 DEBUG 11616 --- [           main] org.hibernate.SQL                        : 
    delete 
    from
        platos 
    where
        id=?
Hibernate: 
    delete 
    from
        platos 
    where
        id=?
2026-05-01T12:56:49.439+02:00 TRACE 11616 --- [           main] org.hibernate.orm.jdbc.bind              : binding parameter (1:BIGINT) <- [17]
2026-05-01T12:56:49.439+02:00 DEBUG 11616 --- [           main] org.hibernate.SQL                        : 
    delete 
    from
        platos 
    where
        id=?
Hibernate: 
    delete 
    from
        platos 
    where
        id=?
2026-05-01T12:56:49.440+02:00 TRACE 11616 --- [           main] org.hibernate.orm.jdbc.bind              : binding parameter (1:BIGINT) <- [18]
2026-05-01T12:56:49.440+02:00 DEBUG 11616 --- [           main] org.hibernate.SQL                        : 
    delete 
    from
        platos 
    where
        id=?
Hibernate: 
    delete 
    from
        platos 
    where
        id=?
2026-05-01T12:56:49.440+02:00 TRACE 11616 --- [           main] org.hibernate.orm.jdbc.bind              : binding parameter (1:BIGINT) <- [19]
2026-05-01T12:56:49.440+02:00 DEBUG 11616 --- [           main] org.hibernate.SQL                        : 
    delete 
    from
        platos 
    where
        id=?
Hibernate: 
    delete 
    from
        platos 
    where
        id=?
2026-05-01T12:56:49.440+02:00 TRACE 11616 --- [           main] org.hibernate.orm.jdbc.bind              : binding parameter (1:BIGINT) <- [20]
2026-05-01T12:56:49.440+02:00 DEBUG 11616 --- [           main] org.hibernate.SQL                        : 
    delete 
    from
        platos 
    where
        id=?
Hibernate: 
    delete 
    from
        platos 
    where
        id=?
2026-05-01T12:56:49.440+02:00 TRACE 11616 --- [           main] org.hibernate.orm.jdbc.bind              : binding parameter (1:BIGINT) <- [21]
2026-05-01T12:56:49.441+02:00 DEBUG 11616 --- [           main] org.hibernate.SQL                        : 
    delete 
    from
        platos 
    where
        id=?
Hibernate: 
    delete 
    from
        platos 
    where
        id=?
2026-05-01T12:56:49.441+02:00 TRACE 11616 --- [           main] org.hibernate.orm.jdbc.bind              : binding parameter (1:BIGINT) <- [22]
2026-05-01T12:56:49.441+02:00 DEBUG 11616 --- [           main] org.hibernate.SQL                        : 
    delete 
    from
        platos 
    where
        id=?
Hibernate: 
    delete 
    from
        platos 
    where
        id=?
2026-05-01T12:56:49.441+02:00 TRACE 11616 --- [           main] org.hibernate.orm.jdbc.bind              : binding parameter (1:BIGINT) <- [23]
2026-05-01T12:56:49.441+02:00 DEBUG 11616 --- [           main] org.hibernate.SQL                        : 
    delete 
    from
        platos 
    where
        id=?
Hibernate: 
    delete 
    from
        platos 
    where
        id=?
2026-05-01T12:56:49.442+02:00 TRACE 11616 --- [           main] org.hibernate.orm.jdbc.bind              : binding parameter (1:BIGINT) <- [24]
2026-05-01T12:56:49.442+02:00 DEBUG 11616 --- [           main] org.hibernate.SQL                        : 
    delete 
    from
        platos 
    where
        id=?
Hibernate: 
    delete 
    from
        platos 
    where
        id=?
2026-05-01T12:56:49.442+02:00 TRACE 11616 --- [           main] org.hibernate.orm.jdbc.bind              : binding parameter (1:BIGINT) <- [25]
2026-05-01T12:56:49.442+02:00 DEBUG 11616 --- [           main] org.hibernate.SQL                        : 
    delete 
    from
        platos 
    where
        id=?
Hibernate: 
    delete 
    from
        platos 
    where
        id=?
2026-05-01T12:56:49.442+02:00 TRACE 11616 --- [           main] org.hibernate.orm.jdbc.bind              : binding parameter (1:BIGINT) <- [26]
2026-05-01T12:56:49.443+02:00 DEBUG 11616 --- [           main] org.hibernate.SQL                        : 
    delete 
    from
        platos 
    where
        id=?
Hibernate: 
    delete 
    from
        platos 
    where
        id=?
2026-05-01T12:56:49.443+02:00 TRACE 11616 --- [           main] org.hibernate.orm.jdbc.bind              : binding parameter (1:BIGINT) <- [27]
2026-05-01T12:56:49.443+02:00 DEBUG 11616 --- [           main] org.hibernate.SQL                        : 
    delete 
    from
        platos 
    where
        id=?
Hibernate: 
    delete 
    from
        platos 
    where
        id=?
2026-05-01T12:56:49.443+02:00 TRACE 11616 --- [           main] org.hibernate.orm.jdbc.bind              : binding parameter (1:BIGINT) <- [28]
2026-05-01T12:56:49.443+02:00 DEBUG 11616 --- [           main] org.hibernate.SQL                        : 
    delete 
    from
        platos 
    where
        id=?
Hibernate: 
    delete 
    from
        platos 
    where
        id=?
2026-05-01T12:56:49.443+02:00 TRACE 11616 --- [           main] org.hibernate.orm.jdbc.bind              : binding parameter (1:BIGINT) <- [29]
2026-05-01T12:56:49.445+02:00 DEBUG 11616 --- [           main] org.hibernate.SQL                        : 
    delete 
    from
        platos 
    where
        id=?
Hibernate: 
    delete 
    from
        platos 
    where
        id=?
2026-05-01T12:56:49.445+02:00 TRACE 11616 --- [           main] org.hibernate.orm.jdbc.bind              : binding parameter (1:BIGINT) <- [30]
2026-05-01T12:56:49.445+02:00 DEBUG 11616 --- [           main] org.hibernate.SQL                        : 
    delete 
    from
        platos 
    where
        id=?
Hibernate: 
    delete 
    from
        platos 
    where
        id=?
2026-05-01T12:56:49.445+02:00 TRACE 11616 --- [           main] org.hibernate.orm.jdbc.bind              : binding parameter (1:BIGINT) <- [31]
2026-05-01T12:56:49.445+02:00 DEBUG 11616 --- [           main] org.hibernate.SQL                        : 
    delete 
    from
        platos 
    where
        id=?
Hibernate: 
    delete 
    from
        platos 
    where
        id=?
2026-05-01T12:56:49.445+02:00 TRACE 11616 --- [           main] org.hibernate.orm.jdbc.bind              : binding parameter (1:BIGINT) <- [32]
2026-05-01T12:56:49.458+02:00 DEBUG 11616 --- [           main] org.hibernate.SQL                        : 
    select
        r1_0.id,
        r1_0.acepta_pedidos,
        r1_0.bike_friendly,
        r1_0.direccion,
        r1_0.email,
        r1_0.etiquetas_menu,
        r1_0.imagen,
        r1_0.imagen_banner,
        r1_0.localidad,
        r1_0.media_valoraciones,
        r1_0.nombre,
        r1_0.precio_max,
        r1_0.precio_min,
        r1_0.propietario_id,
        r1_0.telefono 
    from
        restaurantes r1_0
Hibernate: 
    select
        r1_0.id,
        r1_0.acepta_pedidos,
        r1_0.bike_friendly,
        r1_0.direccion,
        r1_0.email,
        r1_0.etiquetas_menu,
        r1_0.imagen,
        r1_0.imagen_banner,
        r1_0.localidad,
        r1_0.media_valoraciones,
        r1_0.nombre,
        r1_0.precio_max,
        r1_0.precio_min,
        r1_0.propietario_id,
        r1_0.telefono 
    from
        restaurantes r1_0
2026-05-01T12:56:49.460+02:00 DEBUG 11616 --- [           main] org.hibernate.SQL                        : 
    select
        p1_0.restaurante_id,
        p1_0.id,
        p1_0.descripcion,
        p1_0.etiqueta_menu,
        p1_0.imagen,
        p1_0.nombre,
        p1_0.precio 
    from
        platos p1_0 
    where
        p1_0.restaurante_id=?
Hibernate: 
    select
        p1_0.restaurante_id,
        p1_0.id,
        p1_0.descripcion,
        p1_0.etiqueta_menu,
        p1_0.imagen,
        p1_0.nombre,
        p1_0.precio 
    from
        platos p1_0 
    where
        p1_0.restaurante_id=?
2026-05-01T12:56:49.460+02:00 TRACE 11616 --- [           main] org.hibernate.orm.jdbc.bind              : binding parameter (1:BIGINT) <- [5]
2026-05-01T12:56:49.461+02:00 DEBUG 11616 --- [           main] org.hibernate.SQL                        : 
    select
        c1_0.restaurante_id,
        c1_1.id,
        c1_1.descripcion,
        c1_1.imagen,
        c1_1.nombre 
    from
        restaurante_categorias c1_0 
    join
        categorias c1_1 
            on c1_1.id=c1_0.categoria_id 
    where
        c1_0.restaurante_id=?
Hibernate: 
    select
        c1_0.restaurante_id,
        c1_1.id,
        c1_1.descripcion,
        c1_1.imagen,
        c1_1.nombre 
    from
        restaurante_categorias c1_0 
    join
        categorias c1_1 
            on c1_1.id=c1_0.categoria_id 
    where
        c1_0.restaurante_id=?
2026-05-01T12:56:49.461+02:00 TRACE 11616 --- [           main] org.hibernate.orm.jdbc.bind              : binding parameter (1:BIGINT) <- [5]
2026-05-01T12:56:49.461+02:00 DEBUG 11616 --- [           main] org.hibernate.SQL                        : 
    select
        p1_0.restaurante_id,
        p1_0.id,
        p1_0.descripcion,
        p1_0.etiqueta_menu,
        p1_0.imagen,
        p1_0.nombre,
        p1_0.precio 
    from
        platos p1_0 
    where
        p1_0.restaurante_id=?
Hibernate: 
    select
        p1_0.restaurante_id,
        p1_0.id,
        p1_0.descripcion,
        p1_0.etiqueta_menu,
        p1_0.imagen,
        p1_0.nombre,
        p1_0.precio 
    from
        platos p1_0 
    where
        p1_0.restaurante_id=?
2026-05-01T12:56:49.461+02:00 TRACE 11616 --- [           main] org.hibernate.orm.jdbc.bind              : binding parameter (1:BIGINT) <- [4]
2026-05-01T12:56:49.462+02:00 DEBUG 11616 --- [           main] org.hibernate.SQL                        : 
    select
        c1_0.restaurante_id,
        c1_1.id,
        c1_1.descripcion,
        c1_1.imagen,
        c1_1.nombre 
    from
        restaurante_categorias c1_0 
    join
        categorias c1_1 
            on c1_1.id=c1_0.categoria_id 
    where
        c1_0.restaurante_id=?
Hibernate: 
    select
        c1_0.restaurante_id,
        c1_1.id,
        c1_1.descripcion,
        c1_1.imagen,
        c1_1.nombre 
    from
        restaurante_categorias c1_0 
    join
        categorias c1_1 
            on c1_1.id=c1_0.categoria_id 
    where
        c1_0.restaurante_id=?
2026-05-01T12:56:49.462+02:00 TRACE 11616 --- [           main] org.hibernate.orm.jdbc.bind              : binding parameter (1:BIGINT) <- [4]
2026-05-01T12:56:49.462+02:00 DEBUG 11616 --- [           main] org.hibernate.SQL                        : 
    select
        p1_0.restaurante_id,
        p1_0.id,
        p1_0.descripcion,
        p1_0.etiqueta_menu,
        p1_0.imagen,
        p1_0.nombre,
        p1_0.precio 
    from
        platos p1_0 
    where
        p1_0.restaurante_id=?
Hibernate: 
    select
        p1_0.restaurante_id,
        p1_0.id,
        p1_0.descripcion,
        p1_0.etiqueta_menu,
        p1_0.imagen,
        p1_0.nombre,
        p1_0.precio 
    from
        platos p1_0 
    where
        p1_0.restaurante_id=?
2026-05-01T12:56:49.462+02:00 TRACE 11616 --- [           main] org.hibernate.orm.jdbc.bind              : binding parameter (1:BIGINT) <- [3]
2026-05-01T12:56:49.463+02:00 DEBUG 11616 --- [           main] org.hibernate.SQL                        : 
    select
        c1_0.restaurante_id,
        c1_1.id,
        c1_1.descripcion,
        c1_1.imagen,
        c1_1.nombre 
    from
        restaurante_categorias c1_0 
    join
        categorias c1_1 
            on c1_1.id=c1_0.categoria_id 
    where
        c1_0.restaurante_id=?
Hibernate: 
    select
        c1_0.restaurante_id,
        c1_1.id,
        c1_1.descripcion,
        c1_1.imagen,
        c1_1.nombre 
    from
        restaurante_categorias c1_0 
    join
        categorias c1_1 
            on c1_1.id=c1_0.categoria_id 
    where
        c1_0.restaurante_id=?
2026-05-01T12:56:49.463+02:00 TRACE 11616 --- [           main] org.hibernate.orm.jdbc.bind              : binding parameter (1:BIGINT) <- [3]
2026-05-01T12:56:49.463+02:00 DEBUG 11616 --- [           main] org.hibernate.SQL                        : 
    select
        p1_0.restaurante_id,
        p1_0.id,
        p1_0.descripcion,
        p1_0.etiqueta_menu,
        p1_0.imagen,
        p1_0.nombre,
        p1_0.precio 
    from
        platos p1_0 
    where
        p1_0.restaurante_id=?
Hibernate: 
    select
        p1_0.restaurante_id,
        p1_0.id,
        p1_0.descripcion,
        p1_0.etiqueta_menu,
        p1_0.imagen,
        p1_0.nombre,
        p1_0.precio 
    from
        platos p1_0 
    where
        p1_0.restaurante_id=?
2026-05-01T12:56:49.463+02:00 TRACE 11616 --- [           main] org.hibernate.orm.jdbc.bind              : binding parameter (1:BIGINT) <- [2]
2026-05-01T12:56:49.463+02:00 DEBUG 11616 --- [           main] org.hibernate.SQL                        : 
    select
        c1_0.restaurante_id,
        c1_1.id,
        c1_1.descripcion,
        c1_1.imagen,
        c1_1.nombre 
    from
        restaurante_categorias c1_0 
    join
        categorias c1_1 
            on c1_1.id=c1_0.categoria_id 
    where
        c1_0.restaurante_id=?
Hibernate: 
    select
        c1_0.restaurante_id,
        c1_1.id,
        c1_1.descripcion,
        c1_1.imagen,
        c1_1.nombre 
    from
        restaurante_categorias c1_0 
    join
        categorias c1_1 
            on c1_1.id=c1_0.categoria_id 
    where
        c1_0.restaurante_id=?
2026-05-01T12:56:49.463+02:00 TRACE 11616 --- [           main] org.hibernate.orm.jdbc.bind              : binding parameter (1:BIGINT) <- [2]
2026-05-01T12:56:49.464+02:00 DEBUG 11616 --- [           main] org.hibernate.SQL                        : 
    select
        p1_0.restaurante_id,
        p1_0.id,
        p1_0.descripcion,
        p1_0.etiqueta_menu,
        p1_0.imagen,
        p1_0.nombre,
        p1_0.precio 
    from
        platos p1_0 
    where
        p1_0.restaurante_id=?
Hibernate: 
    select
        p1_0.restaurante_id,
        p1_0.id,
        p1_0.descripcion,
        p1_0.etiqueta_menu,
        p1_0.imagen,
        p1_0.nombre,
        p1_0.precio 
    from
        platos p1_0 
    where
        p1_0.restaurante_id=?
2026-05-01T12:56:49.464+02:00 TRACE 11616 --- [           main] org.hibernate.orm.jdbc.bind              : binding parameter (1:BIGINT) <- [1]
2026-05-01T12:56:49.465+02:00 DEBUG 11616 --- [           main] org.hibernate.SQL                        : 
    select
        c1_0.restaurante_id,
        c1_1.id,
        c1_1.descripcion,
        c1_1.imagen,
        c1_1.nombre 
    from
        restaurante_categorias c1_0 
    join
        categorias c1_1 
            on c1_1.id=c1_0.categoria_id 
    where
        c1_0.restaurante_id=?
Hibernate: 
    select
        c1_0.restaurante_id,
        c1_1.id,
        c1_1.descripcion,
        c1_1.imagen,
        c1_1.nombre 
    from
        restaurante_categorias c1_0 
    join
        categorias c1_1 
            on c1_1.id=c1_0.categoria_id 
    where
        c1_0.restaurante_id=?
2026-05-01T12:56:49.465+02:00 TRACE 11616 --- [           main] org.hibernate.orm.jdbc.bind              : binding parameter (1:BIGINT) <- [1]
2026-05-01T12:56:49.467+02:00 DEBUG 11616 --- [           main] org.hibernate.SQL                        : 
    select
        v1_0.restaurante_id,
        v1_0.id,
        v1_0.comentario,
        v1_0.fecha,
        v1_0.puntuacion,
        v1_0.usuario_id 
    from
        valoraciones v1_0 
    where
        v1_0.restaurante_id=?
Hibernate: 
    select
        v1_0.restaurante_id,
        v1_0.id,
        v1_0.comentario,
        v1_0.fecha,
        v1_0.puntuacion,
        v1_0.usuario_id 
    from
        valoraciones v1_0 
    where
        v1_0.restaurante_id=?
2026-05-01T12:56:49.467+02:00 TRACE 11616 --- [           main] org.hibernate.orm.jdbc.bind              : binding parameter (1:BIGINT) <- [1]
2026-05-01T12:56:49.468+02:00 DEBUG 11616 --- [           main] org.hibernate.SQL                        : 
    select
        v1_0.restaurante_id,
        v1_0.id,
        v1_0.comentario,
        v1_0.fecha,
        v1_0.puntuacion,
        v1_0.usuario_id 
    from
        valoraciones v1_0 
    where
        v1_0.restaurante_id=?
Hibernate: 
    select
        v1_0.restaurante_id,
        v1_0.id,
        v1_0.comentario,
        v1_0.fecha,
        v1_0.puntuacion,
        v1_0.usuario_id 
    from
        valoraciones v1_0 
    where
        v1_0.restaurante_id=?
2026-05-01T12:56:49.468+02:00 TRACE 11616 --- [           main] org.hibernate.orm.jdbc.bind              : binding parameter (1:BIGINT) <- [2]
2026-05-01T12:56:49.469+02:00 DEBUG 11616 --- [           main] org.hibernate.SQL                        : 
    select
        v1_0.restaurante_id,
        v1_0.id,
        v1_0.comentario,
        v1_0.fecha,
        v1_0.puntuacion,
        v1_0.usuario_id 
    from
        valoraciones v1_0 
    where
        v1_0.restaurante_id=?
Hibernate: 
    select
        v1_0.restaurante_id,
        v1_0.id,
        v1_0.comentario,
        v1_0.fecha,
        v1_0.puntuacion,
        v1_0.usuario_id 
    from
        valoraciones v1_0 
    where
        v1_0.restaurante_id=?
2026-05-01T12:56:49.469+02:00 TRACE 11616 --- [           main] org.hibernate.orm.jdbc.bind              : binding parameter (1:BIGINT) <- [3]
2026-05-01T12:56:49.470+02:00 DEBUG 11616 --- [           main] org.hibernate.SQL                        : 
    select
        v1_0.restaurante_id,
        v1_0.id,
        v1_0.comentario,
        v1_0.fecha,
        v1_0.puntuacion,
        v1_0.usuario_id 
    from
        valoraciones v1_0 
    where
        v1_0.restaurante_id=?
Hibernate: 
    select
        v1_0.restaurante_id,
        v1_0.id,
        v1_0.comentario,
        v1_0.fecha,
        v1_0.puntuacion,
        v1_0.usuario_id 
    from
        valoraciones v1_0 
    where
        v1_0.restaurante_id=?
2026-05-01T12:56:49.471+02:00 TRACE 11616 --- [           main] org.hibernate.orm.jdbc.bind              : binding parameter (1:BIGINT) <- [4]
2026-05-01T12:56:49.471+02:00 DEBUG 11616 --- [           main] org.hibernate.SQL                        : 
    select
        v1_0.restaurante_id,
        v1_0.id,
        v1_0.comentario,
        v1_0.fecha,
        v1_0.puntuacion,
        v1_0.usuario_id 
    from
        valoraciones v1_0 
    where
        v1_0.restaurante_id=?
Hibernate: 
    select
        v1_0.restaurante_id,
        v1_0.id,
        v1_0.comentario,
        v1_0.fecha,
        v1_0.puntuacion,
        v1_0.usuario_id 
    from
        valoraciones v1_0 
    where
        v1_0.restaurante_id=?
2026-05-01T12:56:49.471+02:00 TRACE 11616 --- [           main] org.hibernate.orm.jdbc.bind              : binding parameter (1:BIGINT) <- [5]
2026-05-01T12:56:49.475+02:00 DEBUG 11616 --- [           main] org.hibernate.SQL                        : 
    delete 
    from
        restaurante_categorias 
    where
        restaurante_id=?
Hibernate: 
    delete 
    from
        restaurante_categorias 
    where
        restaurante_id=?
2026-05-01T12:56:49.476+02:00 TRACE 11616 --- [           main] org.hibernate.orm.jdbc.bind              : binding parameter (1:BIGINT) <- [1]
2026-05-01T12:56:49.477+02:00 DEBUG 11616 --- [           main] org.hibernate.SQL                        : 
    delete 
    from
        restaurante_categorias 
    where
        restaurante_id=?
Hibernate: 
    delete 
    from
        restaurante_categorias 
    where
        restaurante_id=?
2026-05-01T12:56:49.477+02:00 TRACE 11616 --- [           main] org.hibernate.orm.jdbc.bind              : binding parameter (1:BIGINT) <- [2]
2026-05-01T12:56:49.477+02:00 DEBUG 11616 --- [           main] org.hibernate.SQL                        : 
    delete 
    from
        restaurante_categorias 
    where
        restaurante_id=?
Hibernate: 
    delete 
    from
        restaurante_categorias 
    where
        restaurante_id=?
2026-05-01T12:56:49.477+02:00 TRACE 11616 --- [           main] org.hibernate.orm.jdbc.bind              : binding parameter (1:BIGINT) <- [3]
2026-05-01T12:56:49.477+02:00 DEBUG 11616 --- [           main] org.hibernate.SQL                        : 
    delete 
    from
        restaurante_categorias 
    where
        restaurante_id=?
Hibernate: 
    delete 
    from
        restaurante_categorias 
    where
        restaurante_id=?
2026-05-01T12:56:49.477+02:00 TRACE 11616 --- [           main] org.hibernate.orm.jdbc.bind              : binding parameter (1:BIGINT) <- [4]
2026-05-01T12:56:49.477+02:00 DEBUG 11616 --- [           main] org.hibernate.SQL                        : 
    delete 
    from
        restaurante_categorias 
    where
        restaurante_id=?
Hibernate: 
    delete 
    from
        restaurante_categorias 
    where
        restaurante_id=?
2026-05-01T12:56:49.477+02:00 TRACE 11616 --- [           main] org.hibernate.orm.jdbc.bind              : binding parameter (1:BIGINT) <- [5]
2026-05-01T12:56:49.479+02:00 DEBUG 11616 --- [           main] org.hibernate.SQL                        : 
    delete 
    from
        restaurantes 
    where
        id=?
Hibernate: 
    delete 
    from
        restaurantes 
    where
        id=?
2026-05-01T12:56:49.479+02:00 TRACE 11616 --- [           main] org.hibernate.orm.jdbc.bind              : binding parameter (1:BIGINT) <- [1]
2026-05-01T12:56:49.479+02:00 DEBUG 11616 --- [           main] org.hibernate.SQL                        : 
    delete 
    from
        restaurantes 
    where
        id=?
Hibernate: 
    delete 
    from
        restaurantes 
    where
        id=?
2026-05-01T12:56:49.479+02:00 TRACE 11616 --- [           main] org.hibernate.orm.jdbc.bind              : binding parameter (1:BIGINT) <- [2]
2026-05-01T12:56:49.479+02:00 DEBUG 11616 --- [           main] org.hibernate.SQL                        : 
    delete 
    from
        restaurantes 
    where
        id=?
Hibernate: 
    delete 
    from
        restaurantes 
    where
        id=?
2026-05-01T12:56:49.479+02:00 TRACE 11616 --- [           main] org.hibernate.orm.jdbc.bind              : binding parameter (1:BIGINT) <- [3]
2026-05-01T12:56:49.479+02:00 DEBUG 11616 --- [           main] org.hibernate.SQL                        : 
    delete 
    from
        restaurantes 
    where
        id=?
Hibernate: 
    delete 
    from
        restaurantes 
    where
        id=?
2026-05-01T12:56:49.479+02:00 TRACE 11616 --- [           main] org.hibernate.orm.jdbc.bind              : binding parameter (1:BIGINT) <- [4]
2026-05-01T12:56:49.479+02:00 DEBUG 11616 --- [           main] org.hibernate.SQL                        : 
    delete 
    from
        restaurantes 
    where
        id=?
Hibernate: 
    delete 
    from
        restaurantes 
    where
        id=?
2026-05-01T12:56:49.479+02:00 TRACE 11616 --- [           main] org.hibernate.orm.jdbc.bind              : binding parameter (1:BIGINT) <- [5]
2026-05-01T12:56:49.489+02:00 DEBUG 11616 --- [           main] org.hibernate.SQL                        : 
    select
        c1_0.id,
        c1_0.descripcion,
        c1_0.imagen,
        c1_0.nombre 
    from
        categorias c1_0
Hibernate: 
    select
        c1_0.id,
        c1_0.descripcion,
        c1_0.imagen,
        c1_0.nombre 
    from
        categorias c1_0
2026-05-01T12:56:49.491+02:00 DEBUG 11616 --- [           main] org.hibernate.SQL                        : 
    delete 
    from
        categorias 
    where
        id=?
Hibernate: 
    delete 
    from
        categorias 
    where
        id=?
2026-05-01T12:56:49.491+02:00 TRACE 11616 --- [           main] org.hibernate.orm.jdbc.bind              : binding parameter (1:BIGINT) <- [1]
2026-05-01T12:56:49.492+02:00 DEBUG 11616 --- [           main] org.hibernate.SQL                        : 
    delete 
    from
        categorias 
    where
        id=?
Hibernate: 
    delete 
    from
        categorias 
    where
        id=?
2026-05-01T12:56:49.493+02:00 TRACE 11616 --- [           main] org.hibernate.orm.jdbc.bind              : binding parameter (1:BIGINT) <- [2]
2026-05-01T12:56:49.493+02:00 DEBUG 11616 --- [           main] org.hibernate.SQL                        : 
    delete 
    from
        categorias 
    where
        id=?
Hibernate: 
    delete 
    from
        categorias 
    where
        id=?
2026-05-01T12:56:49.493+02:00 TRACE 11616 --- [           main] org.hibernate.orm.jdbc.bind              : binding parameter (1:BIGINT) <- [3]
2026-05-01T12:56:49.493+02:00 DEBUG 11616 --- [           main] org.hibernate.SQL                        : 
    delete 
    from
        categorias 
    where
        id=?
Hibernate: 
    delete 
    from
        categorias 
    where
        id=?
2026-05-01T12:56:49.493+02:00 TRACE 11616 --- [           main] org.hibernate.orm.jdbc.bind              : binding parameter (1:BIGINT) <- [4]
2026-05-01T12:56:49.493+02:00 DEBUG 11616 --- [           main] org.hibernate.SQL                        : 
    delete 
    from
        categorias 
    where
        id=?
Hibernate: 
    delete 
    from
        categorias 
    where
        id=?
2026-05-01T12:56:49.493+02:00 TRACE 11616 --- [           main] org.hibernate.orm.jdbc.bind              : binding parameter (1:BIGINT) <- [5]
2026-05-01T12:56:49.493+02:00 DEBUG 11616 --- [           main] org.hibernate.SQL                        : 
    delete 
    from
        categorias 
    where
        id=?
Hibernate: 
    delete 
    from
        categorias 
    where
        id=?
2026-05-01T12:56:49.493+02:00 TRACE 11616 --- [           main] org.hibernate.orm.jdbc.bind              : binding parameter (1:BIGINT) <- [6]
2026-05-01T12:56:49.493+02:00 DEBUG 11616 --- [           main] org.hibernate.SQL                        : 
    delete 
    from
        categorias 
    where
        id=?
Hibernate: 
    delete 
    from
        categorias 
    where
        id=?
2026-05-01T12:56:49.494+02:00 TRACE 11616 --- [           main] org.hibernate.orm.jdbc.bind              : binding parameter (1:BIGINT) <- [7]
2026-05-01T12:56:49.494+02:00 DEBUG 11616 --- [           main] org.hibernate.SQL                        : 
    delete 
    from
        categorias 
    where
        id=?
Hibernate: 
    delete 
    from
        categorias 
    where
        id=?
2026-05-01T12:56:49.494+02:00 TRACE 11616 --- [           main] org.hibernate.orm.jdbc.bind              : binding parameter (1:BIGINT) <- [8]
2026-05-01T12:56:49.494+02:00 DEBUG 11616 --- [           main] org.hibernate.SQL                        : 
    delete 
    from
        categorias 
    where
        id=?
Hibernate: 
    delete 
    from
        categorias 
    where
        id=?
2026-05-01T12:56:49.494+02:00 TRACE 11616 --- [           main] org.hibernate.orm.jdbc.bind              : binding parameter (1:BIGINT) <- [9]
2026-05-01T12:56:49.494+02:00 DEBUG 11616 --- [           main] org.hibernate.SQL                        : 
    delete 
    from
        categorias 
    where
        id=?
Hibernate: 
    delete 
    from
        categorias 
    where
        id=?
2026-05-01T12:56:49.494+02:00 TRACE 11616 --- [           main] org.hibernate.orm.jdbc.bind              : binding parameter (1:BIGINT) <- [10]
2026-05-01T12:56:49.503+02:00 DEBUG 11616 --- [           main] org.hibernate.SQL                        : 
    select
        u1_0.id,
        u1_0.admin,
        u1_0.apellidos,
        u1_0.email,
        u1_0.foto_perfil,
        u1_0.nombre,
        u1_0.password 
    from
        usuarios u1_0
Hibernate: 
    select
        u1_0.id,
        u1_0.admin,
        u1_0.apellidos,
        u1_0.email,
        u1_0.foto_perfil,
        u1_0.nombre,
        u1_0.password 
    from
        usuarios u1_0
2026-05-01T12:56:49.504+02:00 DEBUG 11616 --- [           main] org.hibernate.SQL                        : 
    select
        r1_0.propietario_id,
        r1_0.id,
        r1_0.acepta_pedidos,
        r1_0.bike_friendly,
        r1_0.direccion,
        r1_0.email,
        r1_0.etiquetas_menu,
        r1_0.imagen,
        r1_0.imagen_banner,
        r1_0.localidad,
        r1_0.media_valoraciones,
        r1_0.nombre,
        r1_0.precio_max,
        r1_0.precio_min,
        r1_0.telefono 
    from
        restaurantes r1_0 
    where
        r1_0.propietario_id=?
Hibernate: 
    select
        r1_0.propietario_id,
        r1_0.id,
        r1_0.acepta_pedidos,
        r1_0.bike_friendly,
        r1_0.direccion,
        r1_0.email,
        r1_0.etiquetas_menu,
        r1_0.imagen,
        r1_0.imagen_banner,
        r1_0.localidad,
        r1_0.media_valoraciones,
        r1_0.nombre,
        r1_0.precio_max,
        r1_0.precio_min,
        r1_0.telefono 
    from
        restaurantes r1_0 
    where
        r1_0.propietario_id=?
2026-05-01T12:56:49.505+02:00 TRACE 11616 --- [           main] org.hibernate.orm.jdbc.bind              : binding parameter (1:BIGINT) <- [6]
2026-05-01T12:56:49.505+02:00 DEBUG 11616 --- [           main] org.hibernate.SQL                        : 
    select
        d1_0.usuario_id,
        d1_0.id,
        d1_0.direccion,
        d1_0.etiqueta,
        d1_0.principal 
    from
        direcciones d1_0 
    where
        d1_0.usuario_id=?
Hibernate: 
    select
        d1_0.usuario_id,
        d1_0.id,
        d1_0.direccion,
        d1_0.etiqueta,
        d1_0.principal 
    from
        direcciones d1_0 
    where
        d1_0.usuario_id=?
2026-05-01T12:56:49.505+02:00 TRACE 11616 --- [           main] org.hibernate.orm.jdbc.bind              : binding parameter (1:BIGINT) <- [6]
2026-05-01T12:56:49.505+02:00 DEBUG 11616 --- [           main] org.hibernate.SQL                        : 
    select
        r1_0.propietario_id,
        r1_0.id,
        r1_0.acepta_pedidos,
        r1_0.bike_friendly,
        r1_0.direccion,
        r1_0.email,
        r1_0.etiquetas_menu,
        r1_0.imagen,
        r1_0.imagen_banner,
        r1_0.localidad,
        r1_0.media_valoraciones,
        r1_0.nombre,
        r1_0.precio_max,
        r1_0.precio_min,
        r1_0.telefono 
    from
        restaurantes r1_0 
    where
        r1_0.propietario_id=?
Hibernate: 
    select
        r1_0.propietario_id,
        r1_0.id,
        r1_0.acepta_pedidos,
        r1_0.bike_friendly,
        r1_0.direccion,
        r1_0.email,
        r1_0.etiquetas_menu,
        r1_0.imagen,
        r1_0.imagen_banner,
        r1_0.localidad,
        r1_0.media_valoraciones,
        r1_0.nombre,
        r1_0.precio_max,
        r1_0.precio_min,
        r1_0.telefono 
    from
        restaurantes r1_0 
    where
        r1_0.propietario_id=?
2026-05-01T12:56:49.505+02:00 TRACE 11616 --- [           main] org.hibernate.orm.jdbc.bind              : binding parameter (1:BIGINT) <- [5]
2026-05-01T12:56:49.505+02:00 DEBUG 11616 --- [           main] org.hibernate.SQL                        : 
    select
        d1_0.usuario_id,
        d1_0.id,
        d1_0.direccion,
        d1_0.etiqueta,
        d1_0.principal 
    from
        direcciones d1_0 
    where
        d1_0.usuario_id=?
Hibernate: 
    select
        d1_0.usuario_id,
        d1_0.id,
        d1_0.direccion,
        d1_0.etiqueta,
        d1_0.principal 
    from
        direcciones d1_0 
    where
        d1_0.usuario_id=?
2026-05-01T12:56:49.505+02:00 TRACE 11616 --- [           main] org.hibernate.orm.jdbc.bind              : binding parameter (1:BIGINT) <- [5]
2026-05-01T12:56:49.506+02:00 DEBUG 11616 --- [           main] org.hibernate.SQL                        : 
    select
        r1_0.propietario_id,
        r1_0.id,
        r1_0.acepta_pedidos,
        r1_0.bike_friendly,
        r1_0.direccion,
        r1_0.email,
        r1_0.etiquetas_menu,
        r1_0.imagen,
        r1_0.imagen_banner,
        r1_0.localidad,
        r1_0.media_valoraciones,
        r1_0.nombre,
        r1_0.precio_max,
        r1_0.precio_min,
        r1_0.telefono 
    from
        restaurantes r1_0 
    where
        r1_0.propietario_id=?
Hibernate: 
    select
        r1_0.propietario_id,
        r1_0.id,
        r1_0.acepta_pedidos,
        r1_0.bike_friendly,
        r1_0.direccion,
        r1_0.email,
        r1_0.etiquetas_menu,
        r1_0.imagen,
        r1_0.imagen_banner,
        r1_0.localidad,
        r1_0.media_valoraciones,
        r1_0.nombre,
        r1_0.precio_max,
        r1_0.precio_min,
        r1_0.telefono 
    from
        restaurantes r1_0 
    where
        r1_0.propietario_id=?
2026-05-01T12:56:49.506+02:00 TRACE 11616 --- [           main] org.hibernate.orm.jdbc.bind              : binding parameter (1:BIGINT) <- [4]
2026-05-01T12:56:49.506+02:00 DEBUG 11616 --- [           main] org.hibernate.SQL                        : 
    select
        d1_0.usuario_id,
        d1_0.id,
        d1_0.direccion,
        d1_0.etiqueta,
        d1_0.principal 
    from
        direcciones d1_0 
    where
        d1_0.usuario_id=?
Hibernate: 
    select
        d1_0.usuario_id,
        d1_0.id,
        d1_0.direccion,
        d1_0.etiqueta,
        d1_0.principal 
    from
        direcciones d1_0 
    where
        d1_0.usuario_id=?
2026-05-01T12:56:49.506+02:00 TRACE 11616 --- [           main] org.hibernate.orm.jdbc.bind              : binding parameter (1:BIGINT) <- [4]
2026-05-01T12:56:49.507+02:00 DEBUG 11616 --- [           main] org.hibernate.SQL                        : 
    select
        r1_0.propietario_id,
        r1_0.id,
        r1_0.acepta_pedidos,
        r1_0.bike_friendly,
        r1_0.direccion,
        r1_0.email,
        r1_0.etiquetas_menu,
        r1_0.imagen,
        r1_0.imagen_banner,
        r1_0.localidad,
        r1_0.media_valoraciones,
        r1_0.nombre,
        r1_0.precio_max,
        r1_0.precio_min,
        r1_0.telefono 
    from
        restaurantes r1_0 
    where
        r1_0.propietario_id=?
Hibernate: 
    select
        r1_0.propietario_id,
        r1_0.id,
        r1_0.acepta_pedidos,
        r1_0.bike_friendly,
        r1_0.direccion,
        r1_0.email,
        r1_0.etiquetas_menu,
        r1_0.imagen,
        r1_0.imagen_banner,
        r1_0.localidad,
        r1_0.media_valoraciones,
        r1_0.nombre,
        r1_0.precio_max,
        r1_0.precio_min,
        r1_0.telefono 
    from
        restaurantes r1_0 
    where
        r1_0.propietario_id=?
2026-05-01T12:56:49.507+02:00 TRACE 11616 --- [           main] org.hibernate.orm.jdbc.bind              : binding parameter (1:BIGINT) <- [3]
2026-05-01T12:56:49.507+02:00 DEBUG 11616 --- [           main] org.hibernate.SQL                        : 
    select
        d1_0.usuario_id,
        d1_0.id,
        d1_0.direccion,
        d1_0.etiqueta,
        d1_0.principal 
    from
        direcciones d1_0 
    where
        d1_0.usuario_id=?
Hibernate: 
    select
        d1_0.usuario_id,
        d1_0.id,
        d1_0.direccion,
        d1_0.etiqueta,
        d1_0.principal 
    from
        direcciones d1_0 
    where
        d1_0.usuario_id=?
2026-05-01T12:56:49.507+02:00 TRACE 11616 --- [           main] org.hibernate.orm.jdbc.bind              : binding parameter (1:BIGINT) <- [3]
2026-05-01T12:56:49.508+02:00 DEBUG 11616 --- [           main] org.hibernate.SQL                        : 
    select
        r1_0.propietario_id,
        r1_0.id,
        r1_0.acepta_pedidos,
        r1_0.bike_friendly,
        r1_0.direccion,
        r1_0.email,
        r1_0.etiquetas_menu,
        r1_0.imagen,
        r1_0.imagen_banner,
        r1_0.localidad,
        r1_0.media_valoraciones,
        r1_0.nombre,
        r1_0.precio_max,
        r1_0.precio_min,
        r1_0.telefono 
    from
        restaurantes r1_0 
    where
        r1_0.propietario_id=?
Hibernate: 
    select
        r1_0.propietario_id,
        r1_0.id,
        r1_0.acepta_pedidos,
        r1_0.bike_friendly,
        r1_0.direccion,
        r1_0.email,
        r1_0.etiquetas_menu,
        r1_0.imagen,
        r1_0.imagen_banner,
        r1_0.localidad,
        r1_0.media_valoraciones,
        r1_0.nombre,
        r1_0.precio_max,
        r1_0.precio_min,
        r1_0.telefono 
    from
        restaurantes r1_0 
    where
        r1_0.propietario_id=?
2026-05-01T12:56:49.508+02:00 TRACE 11616 --- [           main] org.hibernate.orm.jdbc.bind              : binding parameter (1:BIGINT) <- [2]
2026-05-01T12:56:49.508+02:00 DEBUG 11616 --- [           main] org.hibernate.SQL                        : 
    select
        d1_0.usuario_id,
        d1_0.id,
        d1_0.direccion,
        d1_0.etiqueta,
        d1_0.principal 
    from
        direcciones d1_0 
    where
        d1_0.usuario_id=?
Hibernate: 
    select
        d1_0.usuario_id,
        d1_0.id,
        d1_0.direccion,
        d1_0.etiqueta,
        d1_0.principal 
    from
        direcciones d1_0 
    where
        d1_0.usuario_id=?
2026-05-01T12:56:49.508+02:00 TRACE 11616 --- [           main] org.hibernate.orm.jdbc.bind              : binding parameter (1:BIGINT) <- [2]
2026-05-01T12:56:49.508+02:00 DEBUG 11616 --- [           main] org.hibernate.SQL                        : 
    select
        r1_0.propietario_id,
        r1_0.id,
        r1_0.acepta_pedidos,
        r1_0.bike_friendly,
        r1_0.direccion,
        r1_0.email,
        r1_0.etiquetas_menu,
        r1_0.imagen,
        r1_0.imagen_banner,
        r1_0.localidad,
        r1_0.media_valoraciones,
        r1_0.nombre,
        r1_0.precio_max,
        r1_0.precio_min,
        r1_0.telefono 
    from
        restaurantes r1_0 
    where
        r1_0.propietario_id=?
Hibernate: 
    select
        r1_0.propietario_id,
        r1_0.id,
        r1_0.acepta_pedidos,
        r1_0.bike_friendly,
        r1_0.direccion,
        r1_0.email,
        r1_0.etiquetas_menu,
        r1_0.imagen,
        r1_0.imagen_banner,
        r1_0.localidad,
        r1_0.media_valoraciones,
        r1_0.nombre,
        r1_0.precio_max,
        r1_0.precio_min,
        r1_0.telefono 
    from
        restaurantes r1_0 
    where
        r1_0.propietario_id=?
2026-05-01T12:56:49.509+02:00 TRACE 11616 --- [           main] org.hibernate.orm.jdbc.bind              : binding parameter (1:BIGINT) <- [1]
2026-05-01T12:56:49.509+02:00 DEBUG 11616 --- [           main] org.hibernate.SQL                        : 
    select
        d1_0.usuario_id,
        d1_0.id,
        d1_0.direccion,
        d1_0.etiqueta,
        d1_0.principal 
    from
        direcciones d1_0 
    where
        d1_0.usuario_id=?
Hibernate: 
    select
        d1_0.usuario_id,
        d1_0.id,
        d1_0.direccion,
        d1_0.etiqueta,
        d1_0.principal 
    from
        direcciones d1_0 
    where
        d1_0.usuario_id=?
2026-05-01T12:56:49.509+02:00 TRACE 11616 --- [           main] org.hibernate.orm.jdbc.bind              : binding parameter (1:BIGINT) <- [1]
2026-05-01T12:56:49.509+02:00 DEBUG 11616 --- [           main] org.hibernate.SQL                        : 
    select
        p1_0.usuario_id,
        p1_0.id,
        p1_0.estado,
        p1_0.fecha,
        p1_0.restaurante_id,
        p1_0.total 
    from
        pedidos p1_0 
    where
        p1_0.usuario_id=?
Hibernate: 
    select
        p1_0.usuario_id,
        p1_0.id,
        p1_0.estado,
        p1_0.fecha,
        p1_0.restaurante_id,
        p1_0.total 
    from
        pedidos p1_0 
    where
        p1_0.usuario_id=?
2026-05-01T12:56:49.509+02:00 TRACE 11616 --- [           main] org.hibernate.orm.jdbc.bind              : binding parameter (1:BIGINT) <- [1]
2026-05-01T12:56:49.511+02:00 DEBUG 11616 --- [           main] org.hibernate.SQL                        : 
    select
        v1_0.usuario_id,
        v1_0.id,
        v1_0.comentario,
        v1_0.fecha,
        v1_0.puntuacion,
        v1_0.restaurante_id 
    from
        valoraciones v1_0 
    where
        v1_0.usuario_id=?
Hibernate: 
    select
        v1_0.usuario_id,
        v1_0.id,
        v1_0.comentario,
        v1_0.fecha,
        v1_0.puntuacion,
        v1_0.restaurante_id 
    from
        valoraciones v1_0 
    where
        v1_0.usuario_id=?
2026-05-01T12:56:49.511+02:00 TRACE 11616 --- [           main] org.hibernate.orm.jdbc.bind              : binding parameter (1:BIGINT) <- [1]
2026-05-01T12:56:49.513+02:00 DEBUG 11616 --- [           main] org.hibernate.SQL                        : 
    select
        p1_0.usuario_id,
        p1_0.id,
        p1_0.estado,
        p1_0.fecha,
        p1_0.restaurante_id,
        p1_0.total 
    from
        pedidos p1_0 
    where
        p1_0.usuario_id=?
Hibernate: 
    select
        p1_0.usuario_id,
        p1_0.id,
        p1_0.estado,
        p1_0.fecha,
        p1_0.restaurante_id,
        p1_0.total 
    from
        pedidos p1_0 
    where
        p1_0.usuario_id=?
2026-05-01T12:56:49.513+02:00 TRACE 11616 --- [           main] org.hibernate.orm.jdbc.bind              : binding parameter (1:BIGINT) <- [2]
2026-05-01T12:56:49.514+02:00 DEBUG 11616 --- [           main] org.hibernate.SQL                        : 
    select
        v1_0.usuario_id,
        v1_0.id,
        v1_0.comentario,
        v1_0.fecha,
        v1_0.puntuacion,
        v1_0.restaurante_id 
    from
        valoraciones v1_0 
    where
        v1_0.usuario_id=?
Hibernate: 
    select
        v1_0.usuario_id,
        v1_0.id,
        v1_0.comentario,
        v1_0.fecha,
        v1_0.puntuacion,
        v1_0.restaurante_id 
    from
        valoraciones v1_0 
    where
        v1_0.usuario_id=?
2026-05-01T12:56:49.514+02:00 TRACE 11616 --- [           main] org.hibernate.orm.jdbc.bind              : binding parameter (1:BIGINT) <- [2]
2026-05-01T12:56:49.515+02:00 DEBUG 11616 --- [           main] org.hibernate.SQL                        : 
    select
        p1_0.usuario_id,
        p1_0.id,
        p1_0.estado,
        p1_0.fecha,
        p1_0.restaurante_id,
        p1_0.total 
    from
        pedidos p1_0 
    where
        p1_0.usuario_id=?
Hibernate: 
    select
        p1_0.usuario_id,
        p1_0.id,
        p1_0.estado,
        p1_0.fecha,
        p1_0.restaurante_id,
        p1_0.total 
    from
        pedidos p1_0 
    where
        p1_0.usuario_id=?
2026-05-01T12:56:49.515+02:00 TRACE 11616 --- [           main] org.hibernate.orm.jdbc.bind              : binding parameter (1:BIGINT) <- [3]
2026-05-01T12:56:49.516+02:00 DEBUG 11616 --- [           main] org.hibernate.SQL                        : 
    select
        v1_0.usuario_id,
        v1_0.id,
        v1_0.comentario,
        v1_0.fecha,
        v1_0.puntuacion,
        v1_0.restaurante_id 
    from
        valoraciones v1_0 
    where
        v1_0.usuario_id=?
Hibernate: 
    select
        v1_0.usuario_id,
        v1_0.id,
        v1_0.comentario,
        v1_0.fecha,
        v1_0.puntuacion,
        v1_0.restaurante_id 
    from
        valoraciones v1_0 
    where
        v1_0.usuario_id=?
2026-05-01T12:56:49.516+02:00 TRACE 11616 --- [           main] org.hibernate.orm.jdbc.bind              : binding parameter (1:BIGINT) <- [3]
2026-05-01T12:56:49.516+02:00 DEBUG 11616 --- [           main] org.hibernate.SQL                        : 
    select
        p1_0.usuario_id,
        p1_0.id,
        p1_0.estado,
        p1_0.fecha,
        p1_0.restaurante_id,
        p1_0.total 
    from
        pedidos p1_0 
    where
        p1_0.usuario_id=?
Hibernate: 
    select
        p1_0.usuario_id,
        p1_0.id,
        p1_0.estado,
        p1_0.fecha,
        p1_0.restaurante_id,
        p1_0.total 
    from
        pedidos p1_0 
    where
        p1_0.usuario_id=?
2026-05-01T12:56:49.517+02:00 TRACE 11616 --- [           main] org.hibernate.orm.jdbc.bind              : binding parameter (1:BIGINT) <- [4]
2026-05-01T12:56:49.517+02:00 DEBUG 11616 --- [           main] org.hibernate.SQL                        : 
    select
        v1_0.usuario_id,
        v1_0.id,
        v1_0.comentario,
        v1_0.fecha,
        v1_0.puntuacion,
        v1_0.restaurante_id 
    from
        valoraciones v1_0 
    where
        v1_0.usuario_id=?
Hibernate: 
    select
        v1_0.usuario_id,
        v1_0.id,
        v1_0.comentario,
        v1_0.fecha,
        v1_0.puntuacion,
        v1_0.restaurante_id 
    from
        valoraciones v1_0 
    where
        v1_0.usuario_id=?
2026-05-01T12:56:49.517+02:00 TRACE 11616 --- [           main] org.hibernate.orm.jdbc.bind              : binding parameter (1:BIGINT) <- [4]
2026-05-01T12:56:49.517+02:00 DEBUG 11616 --- [           main] org.hibernate.SQL                        : 
    select
        p1_0.usuario_id,
        p1_0.id,
        p1_0.estado,
        p1_0.fecha,
        p1_0.restaurante_id,
        p1_0.total 
    from
        pedidos p1_0 
    where
        p1_0.usuario_id=?
Hibernate: 
    select
        p1_0.usuario_id,
        p1_0.id,
        p1_0.estado,
        p1_0.fecha,
        p1_0.restaurante_id,
        p1_0.total 
    from
        pedidos p1_0 
    where
        p1_0.usuario_id=?
2026-05-01T12:56:49.517+02:00 TRACE 11616 --- [           main] org.hibernate.orm.jdbc.bind              : binding parameter (1:BIGINT) <- [5]
2026-05-01T12:56:49.518+02:00 DEBUG 11616 --- [           main] org.hibernate.SQL                        : 
    select
        v1_0.usuario_id,
        v1_0.id,
        v1_0.comentario,
        v1_0.fecha,
        v1_0.puntuacion,
        v1_0.restaurante_id 
    from
        valoraciones v1_0 
    where
        v1_0.usuario_id=?
Hibernate: 
    select
        v1_0.usuario_id,
        v1_0.id,
        v1_0.comentario,
        v1_0.fecha,
        v1_0.puntuacion,
        v1_0.restaurante_id 
    from
        valoraciones v1_0 
    where
        v1_0.usuario_id=?
2026-05-01T12:56:49.518+02:00 TRACE 11616 --- [           main] org.hibernate.orm.jdbc.bind              : binding parameter (1:BIGINT) <- [5]
2026-05-01T12:56:49.519+02:00 DEBUG 11616 --- [           main] org.hibernate.SQL                        : 
    select
        p1_0.usuario_id,
        p1_0.id,
        p1_0.estado,
        p1_0.fecha,
        p1_0.restaurante_id,
        p1_0.total 
    from
        pedidos p1_0 
    where
        p1_0.usuario_id=?
Hibernate: 
    select
        p1_0.usuario_id,
        p1_0.id,
        p1_0.estado,
        p1_0.fecha,
        p1_0.restaurante_id,
        p1_0.total 
    from
        pedidos p1_0 
    where
        p1_0.usuario_id=?
2026-05-01T12:56:49.519+02:00 TRACE 11616 --- [           main] org.hibernate.orm.jdbc.bind              : binding parameter (1:BIGINT) <- [6]
2026-05-01T12:56:49.520+02:00 DEBUG 11616 --- [           main] org.hibernate.SQL                        : 
    select
        v1_0.usuario_id,
        v1_0.id,
        v1_0.comentario,
        v1_0.fecha,
        v1_0.puntuacion,
        v1_0.restaurante_id 
    from
        valoraciones v1_0 
    where
        v1_0.usuario_id=?
Hibernate: 
    select
        v1_0.usuario_id,
        v1_0.id,
        v1_0.comentario,
        v1_0.fecha,
        v1_0.puntuacion,
        v1_0.restaurante_id 
    from
        valoraciones v1_0 
    where
        v1_0.usuario_id=?
2026-05-01T12:56:49.521+02:00 TRACE 11616 --- [           main] org.hibernate.orm.jdbc.bind              : binding parameter (1:BIGINT) <- [6]
2026-05-01T12:56:49.522+02:00 DEBUG 11616 --- [           main] org.hibernate.SQL                        : 
    delete 
    from
        favoritos 
    where
        usuario_id=?
Hibernate: 
    delete 
    from
        favoritos 
    where
        usuario_id=?
2026-05-01T12:56:49.522+02:00 TRACE 11616 --- [           main] org.hibernate.orm.jdbc.bind              : binding parameter (1:BIGINT) <- [1]
2026-05-01T12:56:49.522+02:00 DEBUG 11616 --- [           main] org.hibernate.SQL                        : 
    delete 
    from
        favoritos 
    where
        usuario_id=?
Hibernate: 
    delete 
    from
        favoritos 
    where
        usuario_id=?
2026-05-01T12:56:49.522+02:00 TRACE 11616 --- [           main] org.hibernate.orm.jdbc.bind              : binding parameter (1:BIGINT) <- [2]
2026-05-01T12:56:49.523+02:00 DEBUG 11616 --- [           main] org.hibernate.SQL                        : 
    delete 
    from
        favoritos 
    where
        usuario_id=?
Hibernate: 
    delete 
    from
        favoritos 
    where
        usuario_id=?
2026-05-01T12:56:49.523+02:00 TRACE 11616 --- [           main] org.hibernate.orm.jdbc.bind              : binding parameter (1:BIGINT) <- [3]
2026-05-01T12:56:49.523+02:00 DEBUG 11616 --- [           main] org.hibernate.SQL                        : 
    delete 
    from
        favoritos 
    where
        usuario_id=?
Hibernate: 
    delete 
    from
        favoritos 
    where
        usuario_id=?
2026-05-01T12:56:49.523+02:00 TRACE 11616 --- [           main] org.hibernate.orm.jdbc.bind              : binding parameter (1:BIGINT) <- [4]
2026-05-01T12:56:49.523+02:00 DEBUG 11616 --- [           main] org.hibernate.SQL                        : 
    delete 
    from
        favoritos 
    where
        usuario_id=?
Hibernate: 
    delete 
    from
        favoritos 
    where
        usuario_id=?
2026-05-01T12:56:49.523+02:00 TRACE 11616 --- [           main] org.hibernate.orm.jdbc.bind              : binding parameter (1:BIGINT) <- [5]
2026-05-01T12:56:49.524+02:00 DEBUG 11616 --- [           main] org.hibernate.SQL                        : 
    delete 
    from
        favoritos 
    where
        usuario_id=?
Hibernate: 
    delete 
    from
        favoritos 
    where
        usuario_id=?
2026-05-01T12:56:49.524+02:00 TRACE 11616 --- [           main] org.hibernate.orm.jdbc.bind              : binding parameter (1:BIGINT) <- [6]
2026-05-01T12:56:49.524+02:00 DEBUG 11616 --- [           main] org.hibernate.SQL                        : 
    delete 
    from
        direcciones 
    where
        id=?
Hibernate: 
    delete 
    from
        direcciones 
    where
        id=?
2026-05-01T12:56:49.524+02:00 TRACE 11616 --- [           main] org.hibernate.orm.jdbc.bind              : binding parameter (1:BIGINT) <- [1]
2026-05-01T12:56:49.524+02:00 DEBUG 11616 --- [           main] org.hibernate.SQL                        : 
    delete 
    from
        usuarios 
    where
        id=?
Hibernate: 
    delete 
    from
        usuarios 
    where
        id=?
2026-05-01T12:56:49.524+02:00 TRACE 11616 --- [           main] org.hibernate.orm.jdbc.bind              : binding parameter (1:BIGINT) <- [1]
2026-05-01T12:56:49.524+02:00 DEBUG 11616 --- [           main] org.hibernate.SQL                        : 
    delete 
    from
        direcciones 
    where
        id=?
Hibernate: 
    delete 
    from
        direcciones 
    where
        id=?
2026-05-01T12:56:49.524+02:00 TRACE 11616 --- [           main] org.hibernate.orm.jdbc.bind              : binding parameter (1:BIGINT) <- [2]
2026-05-01T12:56:49.525+02:00 DEBUG 11616 --- [           main] org.hibernate.SQL                        : 
    delete 
    from
        direcciones 
    where
        id=?
Hibernate: 
    delete 
    from
        direcciones 
    where
        id=?
2026-05-01T12:56:49.525+02:00 TRACE 11616 --- [           main] org.hibernate.orm.jdbc.bind              : binding parameter (1:BIGINT) <- [3]
2026-05-01T12:56:49.525+02:00 DEBUG 11616 --- [           main] org.hibernate.SQL                        : 
    delete 
    from
        usuarios 
    where
        id=?
Hibernate: 
    delete 
    from
        usuarios 
    where
        id=?
2026-05-01T12:56:49.525+02:00 TRACE 11616 --- [           main] org.hibernate.orm.jdbc.bind              : binding parameter (1:BIGINT) <- [2]
2026-05-01T12:56:49.525+02:00 DEBUG 11616 --- [           main] org.hibernate.SQL                        : 
    delete 
    from
[...]
2026-05-01T12:56:51.262+02:00 TRACE 11616 --- [           main] org.hibernate.orm.jdbc.bind              : binding parameter (6:VARCHAR) <- [$2a$10$OTpZujfIZitUz5mZ/sJVU.iKiTjRp1p63C1ABli46yD8hnIL6XVaq]
2026-05-01T12:56:51.264+02:00 DEBUG 11616 --- [           main] org.hibernate.SQL                        : 
    select
        last_insert_rowid()
Hibernate: 
    select
        last_insert_rowid()
2026-05-01T12:56:51.266+02:00 DEBUG 11616 --- [           main] org.hibernate.SQL                        : 
    insert 
    into
        restaurantes
        (acepta_pedidos, bike_friendly, direccion, email, etiquetas_menu, imagen, imagen_banner, localidad, media_valoraciones, nombre, precio_max, precio_min, propietario_id, telefono) 
    values
        (?, ?, ?, ?, ?, ?, ?, ?, ?, ?, ?, ?, ?, ?)
Hibernate: 
    insert 
    into
        restaurantes
        (acepta_pedidos, bike_friendly, direccion, email, etiquetas_menu, imagen, imagen_banner, localidad, media_valoraciones, nombre, precio_max, precio_min, propietario_id, telefono) 
    values
        (?, ?, ?, ?, ?, ?, ?, ?, ?, ?, ?, ?, ?, ?)
2026-05-01T12:56:51.266+02:00 TRACE 11616 --- [           main] org.hibernate.orm.jdbc.bind              : binding parameter (1:BOOLEAN) <- [true]
2026-05-01T12:56:51.266+02:00 TRACE 11616 --- [           main] org.hibernate.orm.jdbc.bind              : binding parameter (2:BOOLEAN) <- [null]
2026-05-01T12:56:51.266+02:00 TRACE 11616 --- [           main] org.hibernate.orm.jdbc.bind              : binding parameter (3:VARCHAR) <- [Puerto 1]
2026-05-01T12:56:51.266+02:00 TRACE 11616 --- [           main] org.hibernate.orm.jdbc.bind              : binding parameter (4:VARCHAR) <- [busca.rest@example.com]
2026-05-01T12:56:51.266+02:00 TRACE 11616 --- [           main] org.hibernate.orm.jdbc.bind              : binding parameter (5:VARCHAR) <- [null]
2026-05-01T12:56:51.266+02:00 TRACE 11616 --- [           main] org.hibernate.orm.jdbc.bind              : binding parameter (6:VARCHAR) <- [null]
2026-05-01T12:56:51.266+02:00 TRACE 11616 --- [           main] org.hibernate.orm.jdbc.bind              : binding parameter (7:VARCHAR) <- [null]
2026-05-01T12:56:51.266+02:00 TRACE 11616 --- [           main] org.hibernate.orm.jdbc.bind              : binding parameter (8:VARCHAR) <- [Cáceres]
2026-05-01T12:56:51.266+02:00 TRACE 11616 --- [           main] org.hibernate.orm.jdbc.bind              : binding parameter (9:DOUBLE) <- [null]
2026-05-01T12:56:51.266+02:00 TRACE 11616 --- [           main] org.hibernate.orm.jdbc.bind              : binding parameter (10:VARCHAR) <- [La Taberna del Puerto]
2026-05-01T12:56:51.266+02:00 TRACE 11616 --- [           main] org.hibernate.orm.jdbc.bind              : binding parameter (11:DOUBLE) <- [null]
2026-05-01T12:56:51.266+02:00 TRACE 11616 --- [           main] org.hibernate.orm.jdbc.bind              : binding parameter (12:DOUBLE) <- [null]
2026-05-01T12:56:51.266+02:00 TRACE 11616 --- [           main] org.hibernate.orm.jdbc.bind              : binding parameter (13:BIGINT) <- [1]
2026-05-01T12:56:51.266+02:00 TRACE 11616 --- [           main] org.hibernate.orm.jdbc.bind              : binding parameter (14:VARCHAR) <- [+34 924 77 77 77]
2026-05-01T12:56:51.266+02:00 DEBUG 11616 --- [           main] org.hibernate.SQL                        : 
    select
        last_insert_rowid()
Hibernate: 
    select
        last_insert_rowid()
2026-05-01T12:56:51.268+02:00 DEBUG 11616 --- [           main] org.hibernate.SQL                        : 
    select
        r1_0.id,
        r1_0.acepta_pedidos,
        r1_0.bike_friendly,
        r1_0.direccion,
        r1_0.email,
        r1_0.etiquetas_menu,
        r1_0.imagen,
        r1_0.imagen_banner,
        r1_0.localidad,
        r1_0.media_valoraciones,
        r1_0.nombre,
        r1_0.precio_max,
        r1_0.precio_min,
        r1_0.propietario_id,
        r1_0.telefono 
    from
        restaurantes r1_0 
    where
        upper(r1_0.nombre) like upper(?) escape '\' 
        or upper(r1_0.localidad) like upper(?) escape '\'
Hibernate: 
    select
        r1_0.id,
        r1_0.acepta_pedidos,
        r1_0.bike_friendly,
        r1_0.direccion,
        r1_0.email,
        r1_0.etiquetas_menu,
        r1_0.imagen,
        r1_0.imagen_banner,
        r1_0.localidad,
        r1_0.media_valoraciones,
        r1_0.nombre,
        r1_0.precio_max,
        r1_0.precio_min,
        r1_0.propietario_id,
        r1_0.telefono 
    from
        restaurantes r1_0 
    where
        upper(r1_0.nombre) like upper(?) escape '\' 
        or upper(r1_0.localidad) like upper(?) escape '\'
2026-05-01T12:56:51.268+02:00 TRACE 11616 --- [           main] org.hibernate.orm.jdbc.bind              : binding parameter (1:VARCHAR) <- [%taberna%]
2026-05-01T12:56:51.268+02:00 TRACE 11616 --- [           main] org.hibernate.orm.jdbc.bind              : binding parameter (2:VARCHAR) <- [%taberna%]
2026-05-01T12:56:51.269+02:00 DEBUG 11616 --- [           main] org.hibernate.SQL                        : 
    select
        r1_0.id,
        r1_0.acepta_pedidos,
        r1_0.bike_friendly,
        r1_0.direccion,
        r1_0.email,
        r1_0.etiquetas_menu,
        r1_0.imagen,
        r1_0.imagen_banner,
        r1_0.localidad,
        r1_0.media_valoraciones,
        r1_0.nombre,
        r1_0.precio_max,
        r1_0.precio_min,
        r1_0.propietario_id,
        r1_0.telefono 
    from
        restaurantes r1_0 
    where
        upper(r1_0.nombre) like upper(?) escape '\' 
        or upper(r1_0.localidad) like upper(?) escape '\'
Hibernate: 
    select
        r1_0.id,
        r1_0.acepta_pedidos,
        r1_0.bike_friendly,
        r1_0.direccion,
        r1_0.email,
        r1_0.etiquetas_menu,
        r1_0.imagen,
        r1_0.imagen_banner,
        r1_0.localidad,
        r1_0.media_valoraciones,
        r1_0.nombre,
        r1_0.precio_max,
        r1_0.precio_min,
        r1_0.propietario_id,
        r1_0.telefono 
    from
        restaurantes r1_0 
    where
        upper(r1_0.nombre) like upper(?) escape '\' 
        or upper(r1_0.localidad) like upper(?) escape '\'
2026-05-01T12:56:51.270+02:00 TRACE 11616 --- [           main] org.hibernate.orm.jdbc.bind              : binding parameter (1:VARCHAR) <- [%Cáceres%]
2026-05-01T12:56:51.270+02:00 TRACE 11616 --- [           main] org.hibernate.orm.jdbc.bind              : binding parameter (2:VARCHAR) <- [%Cáceres%]
]]></system-out>
  </testcase>
  <testcase name="testFiltro_AceptaPedidos" classname="com.tw.CrudIntegrationTest" time="0.089">
    <system-out><![CDATA[2026-05-01T12:56:51.278+02:00 DEBUG 11616 --- [           main] org.hibernate.SQL                        : 
    select
        v1_0.id,
        v1_0.comentario,
        v1_0.fecha,
        v1_0.puntuacion,
        v1_0.restaurante_id,
        v1_0.usuario_id 
    from
        valoraciones v1_0
Hibernate: 
    select
        v1_0.id,
        v1_0.comentario,
        v1_0.fecha,
        v1_0.puntuacion,
        v1_0.restaurante_id,
        v1_0.usuario_id 
    from
        valoraciones v1_0
2026-05-01T12:56:51.280+02:00 DEBUG 11616 --- [           main] org.hibernate.SQL                        : 
    select
        p1_0.id,
        p1_0.estado,
        p1_0.fecha,
        p1_0.restaurante_id,
        p1_0.total,
        p1_0.usuario_id 
    from
        pedidos p1_0
Hibernate: 
    select
        p1_0.id,
        p1_0.estado,
        p1_0.fecha,
        p1_0.restaurante_id,
        p1_0.total,
        p1_0.usuario_id 
    from
        pedidos p1_0
2026-05-01T12:56:51.280+02:00 DEBUG 11616 --- [           main] org.hibernate.SQL                        : 
    select
        p1_0.id,
        p1_0.descripcion,
        p1_0.etiqueta_menu,
        p1_0.imagen,
        p1_0.nombre,
        p1_0.precio,
        p1_0.restaurante_id 
    from
        platos p1_0
Hibernate: 
    select
        p1_0.id,
        p1_0.descripcion,
        p1_0.etiqueta_menu,
        p1_0.imagen,
        p1_0.nombre,
        p1_0.precio,
        p1_0.restaurante_id 
    from
        platos p1_0
2026-05-01T12:56:51.281+02:00 DEBUG 11616 --- [           main] org.hibernate.SQL                        : 
    select
        r1_0.id,
        r1_0.acepta_pedidos,
        r1_0.bike_friendly,
        r1_0.direccion,
        r1_0.email,
        r1_0.etiquetas_menu,
        r1_0.imagen,
        r1_0.imagen_banner,
        r1_0.localidad,
        r1_0.media_valoraciones,
        r1_0.nombre,
        r1_0.precio_max,
        r1_0.precio_min,
        r1_0.propietario_id,
        r1_0.telefono 
    from
        restaurantes r1_0
Hibernate: 
    select
        r1_0.id,
        r1_0.acepta_pedidos,
        r1_0.bike_friendly,
        r1_0.direccion,
        r1_0.email,
        r1_0.etiquetas_menu,
        r1_0.imagen,
        r1_0.imagen_banner,
        r1_0.localidad,
        r1_0.media_valoraciones,
        r1_0.nombre,
        r1_0.precio_max,
        r1_0.precio_min,
        r1_0.propietario_id,
        r1_0.telefono 
    from
        restaurantes r1_0
2026-05-01T12:56:51.282+02:00 DEBUG 11616 --- [           main] org.hibernate.SQL                        : 
    select
        c1_0.id,
        c1_0.descripcion,
        c1_0.imagen,
        c1_0.nombre 
    from
        categorias c1_0
Hibernate: 
    select
        c1_0.id,
        c1_0.descripcion,
        c1_0.imagen,
        c1_0.nombre 
    from
        categorias c1_0
2026-05-01T12:56:51.283+02:00 DEBUG 11616 --- [           main] org.hibernate.SQL                        : 
    select
        u1_0.id,
        u1_0.admin,
        u1_0.apellidos,
        u1_0.email,
        u1_0.foto_perfil,
        u1_0.nombre,
        u1_0.password 
    from
        usuarios u1_0
Hibernate: 
    select
        u1_0.id,
        u1_0.admin,
        u1_0.apellidos,
        u1_0.email,
        u1_0.foto_perfil,
        u1_0.nombre,
        u1_0.password 
    from
        usuarios u1_0
2026-05-01T12:56:51.350+02:00 DEBUG 11616 --- [           main] org.hibernate.SQL                        : 
    insert 
    into
        usuarios
        (admin, apellidos, email, foto_perfil, nombre, password) 
    values
        (?, ?, ?, ?, ?, ?)
Hibernate: 
    insert 
    into
        usuarios
        (admin, apellidos, email, foto_perfil, nombre, password) 
    values
        (?, ?, ?, ?, ?, ?)
2026-05-01T12:56:51.350+02:00 TRACE 11616 --- [           main] org.hibernate.orm.jdbc.bind              : binding parameter (1:BOOLEAN) <- [false]
2026-05-01T12:56:51.350+02:00 TRACE 11616 --- [           main] org.hibernate.orm.jdbc.bind              : binding parameter (2:VARCHAR) <- [Test]
2026-05-01T12:56:51.350+02:00 TRACE 11616 --- [           main] org.hibernate.orm.jdbc.bind              : binding parameter (3:VARCHAR) <- [filtro.test@example.com]
2026-05-01T12:56:51.350+02:00 TRACE 11616 --- [           main] org.hibernate.orm.jdbc.bind              : binding parameter (4:VARCHAR) <- [null]
2026-05-01T12:56:51.350+02:00 TRACE 11616 --- [           main] org.hibernate.orm.jdbc.bind              : binding parameter (5:VARCHAR) <- [Filtro]
2026-05-01T12:56:51.350+02:00 TRACE 11616 --- [           main] org.hibernate.orm.jdbc.bind              : binding parameter (6:VARCHAR) <- [$2a$10$tSXXRl.1eoxIqAJ1zjQeU.foV8PpWfm9gYxbrgb4xZM6O0wN3Z3bO]
2026-05-01T12:56:51.352+02:00 DEBUG 11616 --- [           main] org.hibernate.SQL                        : 
    select
        last_insert_rowid()
Hibernate: 
    select
        last_insert_rowid()
2026-05-01T12:56:51.352+02:00 DEBUG 11616 --- [           main] org.hibernate.SQL                        : 
    insert 
    into
        restaurantes
        (acepta_pedidos, bike_friendly, direccion, email, etiquetas_menu, imagen, imagen_banner, localidad, media_valoraciones, nombre, precio_max, precio_min, propietario_id, telefono) 
    values
        (?, ?, ?, ?, ?, ?, ?, ?, ?, ?, ?, ?, ?, ?)
Hibernate: 
    insert 
    into
        restaurantes
        (acepta_pedidos, bike_friendly, direccion, email, etiquetas_menu, imagen, imagen_banner, localidad, media_valoraciones, nombre, precio_max, precio_min, propietario_id, telefono) 
    values
        (?, ?, ?, ?, ?, ?, ?, ?, ?, ?, ?, ?, ?, ?)
2026-05-01T12:56:51.353+02:00 TRACE 11616 --- [           main] org.hibernate.orm.jdbc.bind              : binding parameter (1:BOOLEAN) <- [true]
2026-05-01T12:56:51.353+02:00 TRACE 11616 --- [           main] org.hibernate.orm.jdbc.bind              : binding parameter (2:BOOLEAN) <- [null]
2026-05-01T12:56:51.353+02:00 TRACE 11616 --- [           main] org.hibernate.orm.jdbc.bind              : binding parameter (3:VARCHAR) <- [Calle A 1]
2026-05-01T12:56:51.353+02:00 TRACE 11616 --- [           main] org.hibernate.orm.jdbc.bind              : binding parameter (4:VARCHAR) <- [abierto@example.com]
2026-05-01T12:56:51.353+02:00 TRACE 11616 --- [           main] org.hibernate.orm.jdbc.bind              : binding parameter (5:VARCHAR) <- [null]
2026-05-01T12:56:51.353+02:00 TRACE 11616 --- [           main] org.hibernate.orm.jdbc.bind              : binding parameter (6:VARCHAR) <- [null]
2026-05-01T12:56:51.353+02:00 TRACE 11616 --- [           main] org.hibernate.orm.jdbc.bind              : binding parameter (7:VARCHAR) <- [null]
2026-05-01T12:56:51.353+02:00 TRACE 11616 --- [           main] org.hibernate.orm.jdbc.bind              : binding parameter (8:VARCHAR) <- [null]
2026-05-01T12:56:51.353+02:00 TRACE 11616 --- [           main] org.hibernate.orm.jdbc.bind              : binding parameter (9:DOUBLE) <- [null]
2026-05-01T12:56:51.353+02:00 TRACE 11616 --- [           main] org.hibernate.orm.jdbc.bind              : binding parameter (10:VARCHAR) <- [Rest Abierto]
2026-05-01T12:56:51.353+02:00 TRACE 11616 --- [           main] org.hibernate.orm.jdbc.bind              : binding parameter (11:DOUBLE) <- [null]
2026-05-01T12:56:51.353+02:00 TRACE 11616 --- [           main] org.hibernate.orm.jdbc.bind              : binding parameter (12:DOUBLE) <- [null]
2026-05-01T12:56:51.353+02:00 TRACE 11616 --- [           main] org.hibernate.orm.jdbc.bind              : binding parameter (13:BIGINT) <- [1]
2026-05-01T12:56:51.353+02:00 TRACE 11616 --- [           main] org.hibernate.orm.jdbc.bind              : binding parameter (14:VARCHAR) <- [+34 924 88 88 88]
2026-05-01T12:56:51.353+02:00 DEBUG 11616 --- [           main] org.hibernate.SQL                        : 
    select
        last_insert_rowid()
Hibernate: 
    select
        last_insert_rowid()
2026-05-01T12:56:51.354+02:00 DEBUG 11616 --- [           main] org.hibernate.SQL                        : 
    insert 
    into
        restaurantes
        (acepta_pedidos, bike_friendly, direccion, email, etiquetas_menu, imagen, imagen_banner, localidad, media_valoraciones, nombre, precio_max, precio_min, propietario_id, telefono) 
    values
        (?, ?, ?, ?, ?, ?, ?, ?, ?, ?, ?, ?, ?, ?)
Hibernate: 
    insert 
    into
        restaurantes
        (acepta_pedidos, bike_friendly, direccion, email, etiquetas_menu, imagen, imagen_banner, localidad, media_valoraciones, nombre, precio_max, precio_min, propietario_id, telefono) 
    values
        (?, ?, ?, ?, ?, ?, ?, ?, ?, ?, ?, ?, ?, ?)
2026-05-01T12:56:51.354+02:00 TRACE 11616 --- [           main] org.hibernate.orm.jdbc.bind              : binding parameter (1:BOOLEAN) <- [false]
2026-05-01T12:56:51.354+02:00 TRACE 11616 --- [           main] org.hibernate.orm.jdbc.bind              : binding parameter (2:BOOLEAN) <- [null]
2026-05-01T12:56:51.354+02:00 TRACE 11616 --- [           main] org.hibernate.orm.jdbc.bind              : binding parameter (3:VARCHAR) <- [Calle C 1]
2026-05-01T12:56:51.354+02:00 TRACE 11616 --- [           main] org.hibernate.orm.jdbc.bind              : binding parameter (4:VARCHAR) <- [cerrado@example.com]
2026-05-01T12:56:51.354+02:00 TRACE 11616 --- [           main] org.hibernate.orm.jdbc.bind              : binding parameter (5:VARCHAR) <- [null]
2026-05-01T12:56:51.354+02:00 TRACE 11616 --- [           main] org.hibernate.orm.jdbc.bind              : binding parameter (6:VARCHAR) <- [null]
2026-05-01T12:56:51.354+02:00 TRACE 11616 --- [           main] org.hibernate.orm.jdbc.bind              : binding parameter (7:VARCHAR) <- [null]
2026-05-01T12:56:51.354+02:00 TRACE 11616 --- [           main] org.hibernate.orm.jdbc.bind              : binding parameter (8:VARCHAR) <- [null]
2026-05-01T12:56:51.354+02:00 TRACE 11616 --- [           main] org.hibernate.orm.jdbc.bind              : binding parameter (9:DOUBLE) <- [null]
2026-05-01T12:56:51.354+02:00 TRACE 11616 --- [           main] org.hibernate.orm.jdbc.bind              : binding parameter (10:VARCHAR) <- [Rest Cerrado]
2026-05-01T12:56:51.354+02:00 TRACE 11616 --- [           main] org.hibernate.orm.jdbc.bind              : binding parameter (11:DOUBLE) <- [null]
2026-05-01T12:56:51.354+02:00 TRACE 11616 --- [           main] org.hibernate.orm.jdbc.bind              : binding parameter (12:DOUBLE) <- [null]
2026-05-01T12:56:51.354+02:00 TRACE 11616 --- [           main] org.hibernate.orm.jdbc.bind              : binding parameter (13:BIGINT) <- [1]
2026-05-01T12:56:51.355+02:00 TRACE 11616 --- [           main] org.hibernate.orm.jdbc.bind              : binding parameter (14:VARCHAR) <- [+34 924 99 99 99]
2026-05-01T12:56:51.355+02:00 DEBUG 11616 --- [           main] org.hibernate.SQL                        : 
    select
        last_insert_rowid()
Hibernate: 
    select
        last_insert_rowid()
2026-05-01T12:56:51.356+02:00 DEBUG 11616 --- [           main] org.hibernate.SQL                        : 
    select
        r1_0.id,
        r1_0.acepta_pedidos,
        r1_0.bike_friendly,
        r1_0.direccion,
        r1_0.email,
        r1_0.etiquetas_menu,
        r1_0.imagen,
        r1_0.imagen_banner,
        r1_0.localidad,
        r1_0.media_valoraciones,
        r1_0.nombre,
        r1_0.precio_max,
        r1_0.precio_min,
        r1_0.propietario_id,
        r1_0.telefono 
    from
        restaurantes r1_0 
    where
        r1_0.acepta_pedidos=?
Hibernate: 
    select
        r1_0.id,
        r1_0.acepta_pedidos,
        r1_0.bike_friendly,
        r1_0.direccion,
        r1_0.email,
        r1_0.etiquetas_menu,
        r1_0.imagen,
        r1_0.imagen_banner,
        r1_0.localidad,
        r1_0.media_valoraciones,
        r1_0.nombre,
        r1_0.precio_max,
        r1_0.precio_min,
        r1_0.propietario_id,
        r1_0.telefono 
    from
        restaurantes r1_0 
    where
        r1_0.acepta_pedidos=?
2026-05-01T12:56:51.356+02:00 TRACE 11616 --- [           main] org.hibernate.orm.jdbc.bind              : binding parameter (1:BOOLEAN) <- [true]
2026-05-01T12:56:51.358+02:00 DEBUG 11616 --- [           main] org.hibernate.SQL                        : 
    select
        r1_0.id,
        r1_0.acepta_pedidos,
        r1_0.bike_friendly,
        r1_0.direccion,
        r1_0.email,
        r1_0.etiquetas_menu,
        r1_0.imagen,
        r1_0.imagen_banner,
        r1_0.localidad,
        r1_0.media_valoraciones,
        r1_0.nombre,
        r1_0.precio_max,
        r1_0.precio_min,
        r1_0.propietario_id,
        r1_0.telefono 
    from
        restaurantes r1_0 
    where
        r1_0.acepta_pedidos=?
Hibernate: 
    select
        r1_0.id,
        r1_0.acepta_pedidos,
        r1_0.bike_friendly,
        r1_0.direccion,
        r1_0.email,
        r1_0.etiquetas_menu,
        r1_0.imagen,
        r1_0.imagen_banner,
        r1_0.localidad,
        r1_0.media_valoraciones,
        r1_0.nombre,
        r1_0.precio_max,
        r1_0.precio_min,
        r1_0.propietario_id,
        r1_0.telefono 
    from
        restaurantes r1_0 
    where
        r1_0.acepta_pedidos=?
2026-05-01T12:56:51.358+02:00 TRACE 11616 --- [           main] org.hibernate.orm.jdbc.bind              : binding parameter (1:BOOLEAN) <- [false]
]]></system-out>
  </testcase>
</testsuite>