<?xml version="1.0" encoding="UTF-8"?>
<testsuite xmlns:xsi="http://www.w3.org/2001/XMLSchema-instance" xsi:noNamespaceSchemaLocation="https://maven.apache.org/surefire/maven-surefire-plugin/xsd/surefire-test-report-3.0.xsd" version="3.0" name="com.tw.CrudIntegrationTest" time="16.527" tests="15" errors="0" skipped="0" failures="0">
  <properties>
[...]
</properties>
  <testcase name="testUsuario_Create" classname="com.tw.CrudIntegrationTest" time="1.93">
    <system-out><![CDATA[17:06:45.814 [main] INFO org.springframework.test.context.support.AnnotationConfigContextLoaderUtils -- Could not detect default configuration classes for test class [com.tw.CrudIntegrationTest]: CrudIntegrationTest does not declare any static, non-private, non-final, nested classes annotated with @Configuration.
17:06:45.983 [main] INFO org.springframework.boot.test.context.SpringBootTestContextBootstrapper -- Found @SpringBootConfiguration com.tw.TwApplication for test class com.tw.CrudIntegrationTest

  .   ____          _            __ _ _
 /\\ / ___'_ __ _ _(_)_ __  __ _ \ \ \ \
( ( )\___ | '_ | '_| | '_ \/ _` | \ \ \ \
 \\/  ___)| |_)| | | | | || (_| |  ) ) ) )
  '  |____| .__|_| |_|_| |_\__, | / / / /
 =========|_|==============|___/=/_/_/_/
 :: Spring Boot ::                (v3.2.4)

2026-04-21T17:06:46.591+02:00  INFO 26172 --- [           main] com.tw.CrudIntegrationTest               : Starting CrudIntegrationTest using Java 17.0.17 with PID 26172 (started by negro in C:\Users\negro\OneDrive - Universidad de Extremadura\Escritorio\Tecnologias Web\tw\tw)
2026-04-21T17:06:46.594+02:00  INFO 26172 --- [           main] com.tw.CrudIntegrationTest               : The following 1 profile is active: "test"
2026-04-21T17:06:47.790+02:00  INFO 26172 --- [           main] .s.d.r.c.RepositoryConfigurationDelegate : Bootstrapping Spring Data JPA repositories in DEFAULT mode.
2026-04-21T17:06:47.896+02:00  INFO 26172 --- [           main] .s.d.r.c.RepositoryConfigurationDelegate : Finished Spring Data repository scanning in 94 ms. Found 9 JPA repository interfaces.
2026-04-21T17:06:50.219+02:00  INFO 26172 --- [           main] o.s.o.j.p.SpringPersistenceUnitInfo      : No LoadTimeWeaver setup: ignoring JPA class transformer
2026-04-21T17:06:50.273+02:00  INFO 26172 --- [           main] com.zaxxer.hikari.HikariDataSource       : HikariPool-1 - Starting...
2026-04-21T17:06:50.616+02:00  INFO 26172 --- [           main] com.zaxxer.hikari.pool.HikariPool        : HikariPool-1 - Added connection org.sqlite.jdbc4.JDBC4Connection@5cc3e49b
2026-04-21T17:06:50.619+02:00  INFO 26172 --- [           main] com.zaxxer.hikari.HikariDataSource       : HikariPool-1 - Start completed.
2026-04-21T17:06:52.301+02:00  INFO 26172 --- [           main] j.LocalContainerEntityManagerFactoryBean : Initialized JPA EntityManagerFactory for persistence unit 'default'
2026-04-21T17:06:53.340+02:00  INFO 26172 --- [           main] o.s.d.j.r.query.QueryEnhancerFactory     : Hibernate is in classpath; If applicable, HQL parser will be used.
2026-04-21T17:06:54.790+02:00  WARN 26172 --- [           main] JpaBaseConfiguration$JpaWebConfiguration : spring.jpa.open-in-view is enabled by default. Therefore, database queries may be performed during view rendering. Explicitly configure spring.jpa.open-in-view to disable this warning
2026-04-21T17:06:55.224+02:00  INFO 26172 --- [           main] o.s.b.a.w.s.WelcomePageHandlerMapping    : Adding welcome page template: index
2026-04-21T17:06:55.989+02:00  INFO 26172 --- [           main] o.s.s.web.DefaultSecurityFilterChain     : Will secure any request with [org.springframework.security.web.session.DisableEncodeUrlFilter@24e63b9f, org.springframework.security.web.context.request.async.WebAsyncManagerIntegrationFilter@31eb5ed6, org.springframework.security.web.context.SecurityContextHolderFilter@18a8a40e, org.springframework.security.web.header.HeaderWriterFilter@5ac25491, org.springframework.web.filter.CorsFilter@e30573c, org.springframework.security.web.csrf.CsrfFilter@4f578fc2, org.springframework.security.web.authentication.logout.LogoutFilter@7d6f094e, org.springframework.security.web.authentication.UsernamePasswordAuthenticationFilter@57bd0b3c, org.springframework.security.web.savedrequest.RequestCacheAwareFilter@1ad28f2, org.springframework.security.web.servletapi.SecurityContextHolderAwareRequestFilter@2044a11b, org.springframework.security.web.authentication.AnonymousAuthenticationFilter@2c70da80, org.springframework.security.web.access.ExceptionTranslationFilter@6587c92f, org.springframework.security.web.access.intercept.AuthorizationFilter@1dd1093c]
2026-04-21T17:06:57.221+02:00  INFO 26172 --- [           main] com.tw.CrudIntegrationTest               : Started CrudIntegrationTest in 10.962 seconds (process running for 12.621)
]]></system-out>
  </testcase>
  <testcase name="testUsuario_Read" classname="com.tw.CrudIntegrationTest" time="0.36"/>
  <testcase name="testUsuario_Update" classname="com.tw.CrudIntegrationTest" time="0.29"/>
  <testcase name="testUsuario_Delete" classname="com.tw.CrudIntegrationTest" time="0.245"/>
  <testcase name="testUsuario_EmailDuplicado" classname="com.tw.CrudIntegrationTest" time="0.356">
    <system-out><![CDATA[2026-04-21T17:07:00.410+02:00  WARN 26172 --- [           main] o.h.engine.jdbc.spi.SqlExceptionHelper   : SQL Error: 19, SQLState: null
2026-04-21T17:07:00.411+02:00 ERROR 26172 --- [           main] o.h.engine.jdbc.spi.SqlExceptionHelper   : [SQLITE_CONSTRAINT_UNIQUE] A UNIQUE constraint failed (UNIQUE constraint failed: usuarios.email)
]]></system-out>
  </testcase>
  <testcase name="testRestaurante_Create" classname="com.tw.CrudIntegrationTest" time="0.163"/>
  <testcase name="testRestaurante_Read" classname="com.tw.CrudIntegrationTest" time="0.168"/>
  <testcase name="testRestaurante_Update_Estado" classname="com.tw.CrudIntegrationTest" time="0.134"/>
  <testcase name="testRestaurante_Delete" classname="com.tw.CrudIntegrationTest" time="0.141"/>
  <testcase name="testRestaurante_Seguridad_NoPropietario" classname="com.tw.CrudIntegrationTest" time="0.215"/>
  <testcase name="testPlato_CrudCompleto" classname="com.tw.CrudIntegrationTest" time="0.156"/>
  <testcase name="testValoracion_CrudCompleto" classname="com.tw.CrudIntegrationTest" time="0.26"/>
  <testcase name="testCategoria_CrudCompleto" classname="com.tw.CrudIntegrationTest" time="0.074"/>
  <testcase name="testBusqueda_PorNombreOLocalidad" classname="com.tw.CrudIntegrationTest" time="0.13"/>
  <testcase name="testFiltro_AceptaPedidos" classname="com.tw.CrudIntegrationTest" time="0.114"/>
</testsuite>